TN:
SF:/usr/include/SFML/System/Vector2.inl
FN:38,_ZN2sf7Vector2IfEC2Eff
FN:104,_ZN2sfmlIfEENS_7Vector2IT_EERKS3_S2_
FN:112,_ZN2sfmlIfEENS_7Vector2IT_EES2_RKS3_
FNDA:0,_ZN2sf7Vector2IfEC2Eff
FNDA:311863,_ZN2sfmlIfEENS_7Vector2IT_EERKS3_S2_
FNDA:155002,_ZN2sfmlIfEENS_7Vector2IT_EES2_RKS3_
FNF:3
FNH:2
DA:38,0
DA:40,0
DA:43,0
DA:104,311863
DA:106,311863
DA:112,155002
DA:114,155002
LF:7
LH:4
end_of_record
SF:/usr/include/SFML/System/Vector2.inl
FN:38,_ZN2sf7Vector2IfEC2Eff
FN:104,_ZN2sfmlIfEENS_7Vector2IT_EERKS3_S2_
FN:112,_ZN2sfmlIfEENS_7Vector2IT_EES2_RKS3_
FNDA:1152,_ZN2sf7Vector2IfEC2Ev
FNDA:0,_ZN2sf7Vector2IfEC2Eff
FNDA:0,_ZN2sf7Vector2IfEC2Eff
FNDA:345049,_ZN2sf7Vector2IfEC2Eff
FNDA:157570,_ZN2sfpLIfEERNS_7Vector2IT_EES4_RKS3_
FNDA:311863,_ZN2sfmlIfEENS_7Vector2IT_EERKS3_S2_
FNDA:0,_ZN2sfmlIfEENS_7Vector2IT_EERKS3_S2_
FNDA:155002,_ZN2sfmlIfEENS_7Vector2IT_EES2_RKS3_
FNF:8
FNH:5
DA:28,1152
DA:30,1152
DA:33,1152
DA:38,345049
DA:40,345049
DA:43,345049
DA:66,157570
DA:68,157570
DA:69,157570
DA:71,157570
DA:104,311863
DA:106,311863
DA:112,155002
DA:114,155002
LF:14
LH:14
end_of_record
SF:/home/cyprien/Documents/Informatique/shmupgine/include/attribute.h
FN:8,_ZN9attributeC2ERKS_
FN:13,_ZN9attributeD2Ev
FN:13,_ZN9attributeD0Ev
FNDA:3393,_ZN9attributeC2ERKS_
FNDA:0,_ZN9attributeC2ERKS_
FNDA:0,_ZN9attributeC2ERKS_
FNDA:0,_ZN9attributeC2ERKS_
FNDA:0,_ZN9attributeC2ERKS_
FNDA:0,_ZN9attributeC2ERKS_
FNDA:0,_ZN9attributeD0Ev
FNDA:3290,_ZN9attributeD2Ev
FNDA:0,_ZN9attributeD0Ev
FNDA:0,_ZN9attributeD2Ev
FNDA:0,_ZN9attributeD0Ev
FNDA:0,_ZN9attributeD2Ev
FNDA:0,_ZN9attributeD0Ev
FNDA:0,_ZN9attributeD2Ev
FNDA:0,_ZN9attributeD0Ev
FNDA:0,_ZN9attributeD2Ev
FNDA:0,_ZN9attributeD0Ev
FNDA:0,_ZN9attributeD2Ev
FNF:18
FNH:2
DA:8,3393
DA:13,3290
LF:2
LH:2
end_of_record
SF:/home/cyprien/Documents/Informatique/shmupgine/include/attribute.h
FN:8,_ZN9attributeC2ERKS_
FN:13,_ZN9attributeD2Ev
FN:13,_ZN9attributeD0Ev
FNDA:0,_ZN9attributeC2ERKS_
FNDA:0,_ZN9attributeD0Ev
FNDA:0,_ZN9attributeD2Ev
FNF:3
FNH:0
DA:8,0
DA:13,0
LF:2
LH:0
end_of_record
SF:/home/cyprien/Documents/Informatique/shmupgine/include/physics.h
FN:16,_ZN7physicsC2ERKS_
FNDA:1131,_ZN7physicsC2ERKS_
FNF:1
FNH:1
DA:16,1131
LF:1
LH:1
end_of_record
SF:/home/cyprien/Documents/Informatique/shmupgine/src/physics.cpp
FN:5,_ZN7physicsC2EP6entity
FN:10,_ZN7physicsC2EP6entityif
FN:15,_ZN7physicsD0Ev
FN:15,_ZN7physicsD2Ev
FN:19,_ZN7physics3runEv
FN:23,_ZN7physics15set_force_angleEi
FN:27,_ZN7physics12set_velocityEf
FN:31,_ZN7physics9make_copyEP6entity
FN:37,_ZN7physics12rotate_forceEi
FN:41,_Z5forcef
FNDA:15,_ZN7physicsC2EP6entity
FNDA:0,_ZN7physicsC2EP6entityif
FNDA:1091,_ZN7physicsD0Ev
FNDA:1091,_ZN7physicsD2Ev
FNDA:155002,_ZN7physics3runEv
FNDA:12,_ZN7physics15set_force_angleEi
FNDA:12,_ZN7physics12set_velocityEf
FNDA:1131,_ZN7physics9make_copyEP6entity
FNDA:3129,_ZN7physics12rotate_forceEi
FNDA:155002,_Z5forcef
FNF:10
FNH:9
DA:5,15
DA:6,15
DA:7,15
DA:8,15
DA:10,0
DA:11,0
DA:12,0
DA:13,0
DA:15,2182
DA:17,2182
DA:19,155002
DA:20,155002
DA:21,155002
DA:23,12
DA:24,12
DA:25,12
DA:27,12
DA:28,12
DA:29,12
DA:31,1131
DA:32,1131
DA:33,1131
DA:34,1131
DA:37,3129
DA:38,3129
DA:39,3129
DA:41,155002
DA:42,155002
LF:28
LH:24
end_of_record
SF:/home/cyprien/Documents/Informatique/shmupgine/include/physics.h
FN:16,_ZN7physicsC2ERKS_
FNDA:1131,_ZN7physicsC2ERKS_
FNF:1
FNH:1
DA:16,1131
LF:1
LH:1
end_of_record
SF:/home/cyprien/Documents/Informatique/shmupgine/src/physics.cpp
FN:5,_ZN7physicsC2EP6entity
FN:10,_ZN7physicsC2EP6entityif
FN:15,_ZN7physicsD0Ev
FN:15,_ZN7physicsD2Ev
FN:19,_ZN7physics3runEv
FN:23,_ZN7physics15set_force_angleEi
FN:27,_ZN7physics12set_velocityEf
FN:31,_ZN7physics9make_copyEP6entity
FN:37,_ZN7physics12rotate_forceEi
FN:41,_Z5forcef
FNDA:15,_ZN7physicsC2EP6entity
FNDA:0,_ZN7physicsC2EP6entityif
FNDA:1091,_ZN7physicsD0Ev
FNDA:1091,_ZN7physicsD2Ev
FNDA:155002,_ZN7physics3runEv
FNDA:12,_ZN7physics15set_force_angleEi
FNDA:12,_ZN7physics12set_velocityEf
FNDA:1131,_ZN7physics9make_copyEP6entity
FNDA:3129,_ZN7physics12rotate_forceEi
FNDA:155002,_Z5forcef
FNF:10
FNH:9
DA:5,15
DA:6,15
DA:7,15
DA:8,15
DA:10,0
DA:11,0
DA:12,0
DA:13,0
DA:15,2182
DA:17,2182
DA:19,155002
DA:20,155002
DA:21,155002
DA:23,12
DA:24,12
DA:25,12
DA:27,12
DA:28,12
DA:29,12
DA:31,1131
DA:32,1131
DA:33,1131
DA:34,1131
DA:37,3129
DA:38,3129
DA:39,3129
DA:41,155002
DA:42,155002
LF:28
LH:24
end_of_record
TN:
SF:/home/cyprien/Documents/Informatique/shmupgine/src/attribute.cpp
FN:4,_ZN9attributeC2Ev
FN:8,_ZN9attributeC2EP6entity
FN:12,_ZN9attribute3runEv
FNDA:72,_ZN9attributeC2Ev
FNDA:72,_ZN9attributeC2EP6entity
FNDA:0,_ZN9attribute3runEv
FNF:3
FNH:2
DA:4,72
DA:5,72
DA:6,72
DA:8,72
DA:9,72
DA:10,72
DA:12,0
DA:13,0
LF:8
LH:6
end_of_record
TN:
SF:/usr/include/SFML/System/Vector2.inl
FN:28,_ZN2sf7Vector2IfEC2Ev
FN:38,_ZN2sf7Vector2IfEC2Eff
FN:66,_ZN2sfpLIfEERNS_7Vector2IT_EES4_RKS3_
FNDA:1152,_ZN2sf7Vector2IfEC2Ev
FNDA:345049,_ZN2sf7Vector2IfEC2Eff
FNDA:157570,_ZN2sfpLIfEERNS_7Vector2IT_EES4_RKS3_
FNF:3
FNH:3
DA:28,1152
DA:30,1152
DA:33,1152
DA:38,345049
DA:40,345049
DA:43,345049
DA:66,157570
DA:68,157570
DA:69,157570
DA:71,157570
LF:10
LH:10
end_of_record
SF:/usr/include/c++/6/bits/alloc_traits.h
FN:435,_ZNSt16allocator_traitsISaISt10_List_nodeIP9attributeEEE8allocateERS4_m
FN:461,_ZNSt16allocator_traitsISaISt10_List_nodeIP9attributeEEE10deallocateERS4_PS3_m
FN:474,_ZNSt16allocator_traitsISaISt10_List_nodeIP9attributeEEE9constructIS2_JS2_EEEvRS4_PT_DpOT0_
FN:486,_ZNSt16allocator_traitsISaISt10_List_nodeIP9attributeEEE7destroyIS2_EEvRS4_PT_
FNDA:0,_ZNSt16allocator_traitsISaISt10_List_nodeIP9attributeEEE8allocateERS4_m
FNDA:0,_ZNSt16allocator_traitsISaISt10_List_nodeIP9attributeEEE10deallocateERS4_PS3_m
FNDA:0,_ZNSt16allocator_traitsISaISt10_List_nodeIP9attributeEEE9constructIS2_JS2_EEEvRS4_PT_DpOT0_
FNDA:3290,_ZNSt16allocator_traitsISaISt10_List_nodeIP9attributeEEE7destroyIS2_EEvRS4_PT_
FNF:4
FNH:1
DA:435,0
DA:436,0
DA:461,0
DA:462,0
DA:474,0
DA:475,0
DA:486,3290
DA:487,3290
LF:8
LH:2
end_of_record
SF:/usr/include/c++/6/bits/allocated_ptr.h
FN:52,_ZNSt15__allocated_ptrISaISt10_List_nodeIP9attributeEEEC2ERS4_PS3_
FN:70,_ZNSt15__allocated_ptrISaISt10_List_nodeIP9attributeEEED2Ev
FN:78,_ZNSt15__allocated_ptrISaISt10_List_nodeIP9attributeEEEaSEDn
FNDA:0,_ZNSt15__allocated_ptrISaISt10_List_nodeIP9attributeEEEC2ERS4_PS3_
FNDA:0,_ZNSt15__allocated_ptrISaISt10_List_nodeIP9attributeEEED2Ev
FNDA:0,_ZNSt15__allocated_ptrISaISt10_List_nodeIP9attributeEEEaSEDn
FNF:3
FNH:0
DA:52,0
DA:53,0
DA:54,0
DA:70,0
DA:72,0
DA:73,0
DA:74,0
DA:78,0
DA:80,0
DA:81,0
LF:10
LH:0
end_of_record
SF:/usr/include/c++/6/bits/allocator.h
FN:131,_ZNSaISt10_List_nodeIP9attributeEEC2Ev
FN:139,_ZNSaISt10_List_nodeIP9attributeEED2Ev
FNDA:1152,_ZNSaISt10_List_nodeIP9attributeEEC2Ev
FNDA:1095,_ZNSaISt10_List_nodeIP9attributeEED2Ev
FNF:2
FNH:2
DA:131,1152
DA:139,1095
LF:2
LH:2
end_of_record
SF:/usr/include/c++/6/bits/list.tcc
FN:65,_ZNSt7__cxx1110_List_baseIP9attributeSaIS2_EE8_M_clearEv
FNDA:1095,_ZNSt7__cxx1110_List_baseIP9attributeSaIS2_EE8_M_clearEv
FNF:1
FNH:1
DA:65,1095
DA:69,1095
DA:70,7675
DA:72,3290
DA:73,3290
DA:74,3290
DA:76,3290
DA:80,3290
DA:82,1095
LF:9
LH:9
end_of_record
SF:/usr/include/c++/6/bits/move.h
FN:47,_ZSt11__addressofISaISt10_List_nodeIP9attributeEEEPT_RS5_
FN:76,_ZSt7forwardIP9attributeEOT_RNSt16remove_referenceIS2_E4typeE
FN:101,_ZSt4moveIRP9attributeEONSt16remove_referenceIT_E4typeEOS4_
FNDA:0,_ZSt11__addressofISaISt10_List_nodeIP9attributeEEEPT_RS5_
FNDA:0,_ZSt7forwardIP9attributeEOT_RNSt16remove_referenceIS2_E4typeE
FNDA:0,_ZSt4moveIRP9attributeEONSt16remove_referenceIT_E4typeEOS4_
FNF:3
FNH:0
DA:47,0
DA:50,0
DA:76,0
DA:77,0
DA:101,0
DA:102,0
LF:6
LH:0
end_of_record
SF:/usr/include/c++/6/bits/stl_list.h
FN:113,_ZNSt10_List_nodeIP9attributeE9_M_valptrEv
FN:113,_ZNSt10_List_nodeImE9_M_valptrEv
FN:143,_ZNSt14_List_iteratorIP9attributeEC2EPNSt8__detail15_List_node_baseE
FN:152,_ZNKSt14_List_iteratorIP9attributeEdeEv
FN:160,_ZNSt14_List_iteratorIP9attributeEppEv
FN:194,_ZNKSt14_List_iteratorIP9attributeEneERKS2_
FN:323,_ZNSt7__cxx1110_List_baseIP9attributeSaIS2_EE10_List_implD2Ev
FN:332,_ZNSt7__cxx1110_List_baseIP9attributeSaIS2_EE10_List_implC2Ev
FN:352,_ZNSt7__cxx1110_List_baseIP9attributeSaIS2_EE11_M_set_sizeEm
FN:354,_ZNSt7__cxx1110_List_baseIP9attributeSaIS2_EE11_M_inc_sizeEm
FN:382,_ZNSt7__cxx1110_List_baseIP9attributeSaIS2_EE11_M_get_nodeEv
FN:386,_ZNSt7__cxx1110_List_baseIP9attributeSaIS2_EE11_M_put_nodeEPSt10_List_nodeIS2_E
FN:393,_ZNSt7__cxx1110_List_baseIP9attributeSaIS2_EE21_M_get_Node_allocatorEv
FN:400,_ZNSt7__cxx1110_List_baseIP9attributeSaIS2_EEC2Ev
FN:441,_ZNSt7__cxx1110_List_baseIP9attributeSaIS2_EED2Ev
FN:448,_ZNSt7__cxx1110_List_baseIP9attributeSaIS2_EE7_M_initEv
FN:503,_ZNSt7__cxx114listIP9attributeSaIS2_EED2Ev
FN:566,_ZNSt7__cxx114listIP9attributeSaIS2_EE14_M_create_nodeIJS2_EEEPSt10_List_nodeIS2_EDpOT_
FN:585,_ZNSt7__cxx114listIP9attributeSaIS2_EEC2Ev
FN:840,_ZNSt7__cxx114listIP9attributeSaIS2_EE5beginEv
FN:858,_ZNSt7__cxx114listIP9attributeSaIS2_EE3endEv
FN:1102,_ZNSt7__cxx114listIP9attributeSaIS2_EE9push_backEOS2_
FN:1768,_ZNSt7__cxx114listIP9attributeSaIS2_EE9_M_insertIJS2_EEEvSt14_List_iteratorIS2_EDpOT_
FNDA:0,_ZNSt10_List_nodeImE9_M_valptrEv
FNDA:0,_ZNSt10_List_nodeIP9attributeE9_M_valptrEv
FNDA:0,_ZNSt14_List_iteratorIP9attributeEC2EPNSt8__detail15_List_node_baseE
FNDA:0,_ZNKSt14_List_iteratorIP9attributeEdeEv
FNDA:0,_ZNSt14_List_iteratorIP9attributeEppEv
FNDA:0,_ZNKSt14_List_iteratorIP9attributeEneERKS2_
FNDA:1095,_ZNSt7__cxx1110_List_baseIP9attributeSaIS2_EE10_List_implD2Ev
FNDA:1152,_ZNSt7__cxx1110_List_baseIP9attributeSaIS2_EE10_List_implC2Ev
FNDA:1152,_ZNSt7__cxx1110_List_baseIP9attributeSaIS2_EE11_M_set_sizeEm
FNDA:0,_ZNSt7__cxx1110_List_baseIP9attributeSaIS2_EE11_M_inc_sizeEm
FNDA:0,_ZNSt7__cxx1110_List_baseIP9attributeSaIS2_EE11_M_get_nodeEv
FNDA:3290,_ZNSt7__cxx1110_List_baseIP9attributeSaIS2_EE11_M_put_nodeEPSt10_List_nodeIS2_E
FNDA:0,_ZNSt7__cxx1110_List_baseIP9attributeSaIS2_EE21_M_get_Node_allocatorEv
FNDA:1152,_ZNSt7__cxx1110_List_baseIP9attributeSaIS2_EEC2Ev
FNDA:1095,_ZNSt7__cxx1110_List_baseIP9attributeSaIS2_EED2Ev
FNDA:1152,_ZNSt7__cxx1110_List_baseIP9attributeSaIS2_EE7_M_initEv
FNDA:1095,_ZNSt7__cxx114listIP9attributeSaIS2_EED2Ev
FNDA:0,_ZNSt7__cxx114listIP9attributeSaIS2_EE14_M_create_nodeIJS2_EEEPSt10_List_nodeIS2_EDpOT_
FNDA:1152,_ZNSt7__cxx114listIP9attributeSaIS2_EEC2Ev
FNDA:0,_ZNSt7__cxx114listIP9attributeSaIS2_EE5beginEv
FNDA:0,_ZNSt7__cxx114listIP9attributeSaIS2_EE3endEv
FNDA:0,_ZNSt7__cxx114listIP9attributeSaIS2_EE9push_backEOS2_
FNDA:0,_ZNSt7__cxx114listIP9attributeSaIS2_EE9_M_insertIJS2_EEEvSt14_List_iteratorIS2_EDpOT_
FNF:23
FNH:9
DA:113,0
DA:143,0
DA:144,0
DA:152,0
DA:153,0
DA:160,0
DA:162,0
DA:163,0
DA:194,0
DA:195,0
DA:323,1095
DA:332,1152
DA:333,1152
DA:334,1152
DA:352,1152
DA:354,0
DA:382,0
DA:383,0
DA:386,3290
DA:387,3290
DA:393,0
DA:394,0
DA:400,1152
DA:401,1152
DA:402,1152
DA:441,1095
DA:442,1095
DA:448,1152
DA:450,1152
DA:451,1152
DA:452,1152
DA:453,1152
DA:503,1095
DA:566,0
DA:568,0
DA:569,0
DA:570,0
DA:571,0
DA:573,0
DA:574,0
DA:585,1152
DA:589,1152
DA:840,0
DA:841,0
DA:858,0
DA:859,0
DA:1102,0
DA:1103,0
DA:1768,0
DA:1770,0
DA:1771,0
DA:1772,0
DA:1773,0
LF:53
LH:20
end_of_record
SF:/usr/include/c++/6/ext/aligned_buffer.h
FN:62,_ZN9__gnu_cxx16__aligned_membufIP9attributeE7_M_addrEv
FN:62,_ZN9__gnu_cxx16__aligned_membufImE7_M_addrEv
FN:70,_ZN9__gnu_cxx16__aligned_membufImE6_M_ptrEv
FN:70,_ZN9__gnu_cxx16__aligned_membufIP9attributeE6_M_ptrEv
FNDA:0,_ZN9__gnu_cxx16__aligned_membufImE7_M_addrEv
FNDA:0,_ZN9__gnu_cxx16__aligned_membufIP9attributeE7_M_addrEv
FNDA:0,_ZN9__gnu_cxx16__aligned_membufImE6_M_ptrEv
FNDA:0,_ZN9__gnu_cxx16__aligned_membufIP9attributeE6_M_ptrEv
FNF:4
FNH:0
DA:62,0
DA:63,0
DA:70,0
DA:71,0
LF:4
LH:0
end_of_record
SF:/usr/include/c++/6/ext/new_allocator.h
FN:79,_ZN9__gnu_cxx13new_allocatorISt10_List_nodeIP9attributeEEC2Ev
FN:86,_ZN9__gnu_cxx13new_allocatorISt10_List_nodeIP9attributeEED2Ev
FN:99,_ZN9__gnu_cxx13new_allocatorISt10_List_nodeIP9attributeEE8allocateEmPKv
FN:109,_ZN9__gnu_cxx13new_allocatorISt10_List_nodeIP9attributeEE10deallocateEPS4_m
FN:113,_ZNK9__gnu_cxx13new_allocatorISt10_List_nodeIP9attributeEE8max_sizeEv
FN:119,_ZN9__gnu_cxx13new_allocatorISt10_List_nodeIP9attributeEE9constructIS3_JS3_EEEvPT_DpOT0_
FN:124,_ZN9__gnu_cxx13new_allocatorISt10_List_nodeIP9attributeEE7destroyIS3_EEvPT_
FNDA:1152,_ZN9__gnu_cxx13new_allocatorISt10_List_nodeIP9attributeEEC2Ev
FNDA:1095,_ZN9__gnu_cxx13new_allocatorISt10_List_nodeIP9attributeEED2Ev
FNDA:0,_ZN9__gnu_cxx13new_allocatorISt10_List_nodeIP9attributeEE8allocateEmPKv
FNDA:0,_ZN9__gnu_cxx13new_allocatorISt10_List_nodeIP9attributeEE10deallocateEPS4_m
FNDA:0,_ZNK9__gnu_cxx13new_allocatorISt10_List_nodeIP9attributeEE8max_sizeEv
FNDA:0,_ZN9__gnu_cxx13new_allocatorISt10_List_nodeIP9attributeEE9constructIS3_JS3_EEEvPT_DpOT0_
FNDA:3290,_ZN9__gnu_cxx13new_allocatorISt10_List_nodeIP9attributeEE7destroyIS3_EEvPT_
FNF:7
FNH:3
DA:79,1152
DA:86,1095
DA:99,0
DA:101,0
DA:102,0
DA:104,0
DA:109,0
DA:110,0
DA:113,0
DA:114,0
DA:119,0
DA:120,0
DA:124,3290
LF:13
LH:3
end_of_record
SF:/usr/include/c++/6/new
FN:146,_ZnwmPv
FNDA:0,_ZnwmPv
FNF:1
FNH:0
DA:146,0
DA:147,0
LF:2
LH:0
end_of_record
SF:/home/cyprien/Documents/Informatique/shmupgine/include/entity.h
FN:44,_ZN6entity13get_attributeI15graphicrendererEEPT_v
FN:70,_ZN6entity18allocate_attributeI9attributeEEvPT_
FNDA:0,_ZN6entity13get_attributeI15graphicrendererEEPT_v
FNDA:3393,_ZN6entity18allocate_attributeI9attributeEEvPT_
FNF:2
FNH:1
DA:44,0
DA:45,0
DA:46,0
DA:47,0
DA:48,0
DA:70,3393
DA:71,3393
DA:72,3393
LF:8
LH:3
end_of_record
SF:/home/cyprien/Documents/Informatique/shmupgine/src/entity.cpp
FN:5,_ZN6entityC2Ev
FN:10,_ZN6entityC2EPS_
FN:17,_ZN6entityC2EP5scene
FN:21,_ZN6entityC2EP5sceneN2sf7Vector2IfEE
FN:25,_ZN6entityC2EP5sceneff
FN:28,_ZN6entityC2EN2sf7Vector2IfEE
FN:32,_ZN6entityC2Eff
FN:35,_ZN6entityD2Ev
FN:42,_ZN6entity14run_attributesEv
FN:48,_ZN6entity4moveEN2sf7Vector2IfEE
FN:54,_ZN6entity4moveEff
FN:58,_ZN6entity12set_positionEN2sf7Vector2IfEE
FN:64,_ZN6entity12set_positionEff
FN:68,_ZNK6entity12get_positionEv
FNDA:21,_ZN6entityC2Ev
FNDA:1131,_ZN6entityC2EPS_
FNDA:0,_ZN6entityC2EP5scene
FNDA:0,_ZN6entityC2EP5sceneN2sf7Vector2IfEE
FNDA:0,_ZN6entityC2EP5sceneff
FNDA:6,_ZN6entityC2EN2sf7Vector2IfEE
FNDA:2,_ZN6entityC2Eff
FNDA:1095,_ZN6entityD2Ev
FNDA:158060,_ZN6entity14run_attributesEv
FNDA:157570,_ZN6entity4moveEN2sf7Vector2IfEE
FNDA:2568,_ZN6entity4moveEff
FNDA:2990,_ZN6entity12set_positionEN2sf7Vector2IfEE
FNDA:0,_ZN6entity12set_positionEff
FNDA:612404,_ZNK6entity12get_positionEv
FNF:14
FNH:10
DA:5,21
DA:6,21
DA:7,21
DA:8,21
DA:10,1131
DA:11,1131
DA:12,1131
DA:13,4524
DA:14,3393
DA:15,1131
DA:17,0
DA:18,0
DA:19,0
DA:21,0
DA:22,0
DA:23,0
DA:25,0
DA:26,0
DA:28,6
DA:29,6
DA:30,6
DA:32,2
DA:33,2
DA:35,2190
DA:36,4385
DA:37,3290
DA:38,3290
DA:40,1095
DA:42,158060
DA:43,639016
DA:44,480956
DA:45,480956
DA:46,158060
DA:48,157570
DA:49,157570
DA:50,157570
DA:51,157570
DA:52,157570
DA:54,2568
DA:55,2568
DA:56,2568
DA:58,2990
DA:59,2990
DA:60,2990
DA:61,2990
DA:62,2990
DA:64,0
DA:65,0
DA:66,0
DA:68,612404
DA:69,612404
LF:51
LH:40
end_of_record
TN:
SF:/usr/include/c++/6/bits/alloc_traits.h
FN:435,_ZNSt16allocator_traitsISaISt13_Rb_tree_nodeISt4pairIKNSt7__cxx1112basic_stringIcSt11char_traitsIcESaIcEEENS2_4listIP6entitySaISB_EEEEEEE8allocateERSG_m
FN:435,_ZNSt16allocator_traitsISaISt10_List_nodeISt8functionIFvvEEEEE8allocateERS5_m
FN:435,_ZNSt16allocator_traitsISaIP6entityEE8allocateERS2_m
FN:435,_ZNSt16allocator_traitsISaISt10_List_nodeIP6entityEEE8allocateERS4_m
FN:461,_ZNSt16allocator_traitsISaIP6entityEE10deallocateERS2_PS1_m
FN:461,_ZNSt16allocator_traitsISaISt13_Rb_tree_nodeISt4pairIKNSt7__cxx1112basic_stringIcSt11char_traitsIcESaIcEEENS2_4listIP6entitySaISB_EEEEEEE10deallocateERSG_PSF_m
FN:461,_ZNSt16allocator_traitsISaISt10_List_nodeISt8functionIFvvEEEEE10deallocateERS5_PS4_m
FN:461,_ZNSt16allocator_traitsISaISt10_List_nodeIP6entityEEE10deallocateERS4_PS3_m
FN:474,_ZNSt16allocator_traitsISaISt13_Rb_tree_nodeISt4pairIKNSt7__cxx1112basic_stringIcSt11char_traitsIcESaIcEEENS2_4listIP6entitySaISB_EEEEEEE9constructISE_JRKSt21piecewise_construct_tSt5tupleIJRS8_EESM_IJEEEEEvRSG_PT_DpOT0_
FN:474,_ZNSt16allocator_traitsISaISt10_List_nodeIP6entityEEE9constructIS2_JRKS2_EEEvRS4_PT_DpOT0_
FN:474,_ZNSt16allocator_traitsISaIP6entityEE9constructIS1_JRKS1_EEEvRS2_PT_DpOT0_
FN:474,_ZNSt16allocator_traitsISaISt10_List_nodeISt8functionIFvvEEEEE9constructIS3_JRKS3_EEEvRS5_PT_DpOT0_
FN:486,_ZNSt16allocator_traitsISaISt13_Rb_tree_nodeISt4pairIKNSt7__cxx1112basic_stringIcSt11char_traitsIcESaIcEEENS2_4listIP6entitySaISB_EEEEEEE7destroyISE_EEvRSG_PT_
FN:486,_ZNSt16allocator_traitsISaISt10_List_nodeIP6entityEEE7destroyIS2_EEvRS4_PT_
FN:486,_ZNSt16allocator_traitsISaISt10_List_nodeISt8functionIFvvEEEEE7destroyIS3_EEvRS5_PT_
FN:486,_ZNSt16allocator_traitsISaIP6entityEE7destroyIS1_EEvRS2_PT_
FN:495,_ZNSt16allocator_traitsISaIP6entityEE8max_sizeERKS2_
FNDA:9,_ZNSt16allocator_traitsISaISt10_List_nodeISt8functionIFvvEEEEE8allocateERS5_m
FNDA:6,_ZNSt16allocator_traitsISaISt13_Rb_tree_nodeISt4pairIKNSt7__cxx1112basic_stringIcSt11char_traitsIcESaIcEEENS2_4listIP6entitySaISB_EEEEEEE8allocateERSG_m
FNDA:3414,_ZNSt16allocator_traitsISaISt10_List_nodeIP6entityEEE8allocateERS4_m
FNDA:10,_ZNSt16allocator_traitsISaIP6entityEE8allocateERS2_m
FNDA:6,_ZNSt16allocator_traitsISaISt13_Rb_tree_nodeISt4pairIKNSt7__cxx1112basic_stringIcSt11char_traitsIcESaIcEEENS2_4listIP6entitySaISB_EEEEEEE10deallocateERSG_PSF_m
FNDA:9,_ZNSt16allocator_traitsISaISt10_List_nodeISt8functionIFvvEEEEE10deallocateERS5_PS4_m
FNDA:10,_ZNSt16allocator_traitsISaIP6entityEE10deallocateERS2_PS1_m
FNDA:3360,_ZNSt16allocator_traitsISaISt10_List_nodeIP6entityEEE10deallocateERS4_PS3_m
FNDA:6,_ZNSt16allocator_traitsISaISt13_Rb_tree_nodeISt4pairIKNSt7__cxx1112basic_stringIcSt11char_traitsIcESaIcEEENS2_4listIP6entitySaISB_EEEEEEE9constructISE_JRKSt21piecewise_construct_tSt5tupleIJRS8_EESM_IJEEEEEvRSG_PT_DpOT0_
FNDA:9,_ZNSt16allocator_traitsISaISt10_List_nodeISt8functionIFvvEEEEE9constructIS3_JRKS3_EEEvRS5_PT_DpOT0_
FNDA:3414,_ZNSt16allocator_traitsISaISt10_List_nodeIP6entityEEE9constructIS2_JRKS2_EEEvRS4_PT_DpOT0_
FNDA:1086,_ZNSt16allocator_traitsISaIP6entityEE9constructIS1_JRKS1_EEEvRS2_PT_DpOT0_
FNDA:6,_ZNSt16allocator_traitsISaISt13_Rb_tree_nodeISt4pairIKNSt7__cxx1112basic_stringIcSt11char_traitsIcESaIcEEENS2_4listIP6entitySaISB_EEEEEEE7destroyISE_EEvRSG_PT_
FNDA:9,_ZNSt16allocator_traitsISaISt10_List_nodeISt8functionIFvvEEEEE7destroyIS3_EEvRS5_PT_
FNDA:3360,_ZNSt16allocator_traitsISaISt10_List_nodeIP6entityEEE7destroyIS2_EEvRS4_PT_
FNDA:1086,_ZNSt16allocator_traitsISaIP6entityEE7destroyIS1_EEvRS2_PT_
FNDA:20,_ZNSt16allocator_traitsISaIP6entityEE8max_sizeERKS2_
FNF:17
FNH:17
DA:435,3439
DA:436,3439
DA:461,3385
DA:462,3385
DA:474,4515
DA:475,4515
DA:486,4461
DA:487,4461
DA:495,20
DA:496,20
LF:10
LH:10
end_of_record
SF:/usr/include/c++/6/bits/allocated_ptr.h
FN:52,_ZNSt15__allocated_ptrISaISt10_List_nodeIP6entityEEEC2ERS4_PS3_
FN:52,_ZNSt15__allocated_ptrISaISt10_List_nodeISt8functionIFvvEEEEEC2ERS5_PS4_
FN:70,_ZNSt15__allocated_ptrISaISt10_List_nodeIP6entityEEED2Ev
FN:70,_ZNSt15__allocated_ptrISaISt10_List_nodeISt8functionIFvvEEEEED2Ev
FN:78,_ZNSt15__allocated_ptrISaISt10_List_nodeISt8functionIFvvEEEEEaSEDn
FN:78,_ZNSt15__allocated_ptrISaISt10_List_nodeIP6entityEEEaSEDn
FNDA:9,_ZNSt15__allocated_ptrISaISt10_List_nodeISt8functionIFvvEEEEEC2ERS5_PS4_
FNDA:3414,_ZNSt15__allocated_ptrISaISt10_List_nodeIP6entityEEEC2ERS4_PS3_
FNDA:9,_ZNSt15__allocated_ptrISaISt10_List_nodeISt8functionIFvvEEEEED2Ev
FNDA:3414,_ZNSt15__allocated_ptrISaISt10_List_nodeIP6entityEEED2Ev
FNDA:9,_ZNSt15__allocated_ptrISaISt10_List_nodeISt8functionIFvvEEEEEaSEDn
FNDA:3414,_ZNSt15__allocated_ptrISaISt10_List_nodeIP6entityEEEaSEDn
FNF:6
FNH:6
DA:52,3423
DA:53,3423
DA:54,3423
DA:70,3423
DA:72,3423
DA:73,0
DA:74,3423
DA:78,3423
DA:80,3423
DA:81,3423
LF:10
LH:9
end_of_record
SF:/usr/include/c++/6/bits/allocator.h
FN:131,_ZNSaISt13_Rb_tree_nodeISt4pairIKNSt7__cxx1112basic_stringIcSt11char_traitsIcESaIcEEENS1_4listIP6entitySaISA_EEEEEEC2Ev
FN:131,_ZNSaIP6entityEC2Ev
FN:131,_ZNSaISt10_List_nodeIP6entityEEC2Ev
FN:131,_ZNSaISt10_List_nodeISt8functionIFvvEEEEC2Ev
FN:139,_ZNSaISt13_Rb_tree_nodeISt4pairIKNSt7__cxx1112basic_stringIcSt11char_traitsIcESaIcEEENS1_4listIP6entitySaISA_EEEEEED2Ev
FN:139,_ZNSaISt10_List_nodeISt8functionIFvvEEEED2Ev
FN:139,_ZNSaIP6entityED2Ev
FN:139,_ZNSaISt10_List_nodeIP6entityEED2Ev
FNDA:3,_ZNSaISt10_List_nodeISt8functionIFvvEEEEC2Ev
FNDA:3,_ZNSaIP6entityEC2Ev
FNDA:30,_ZNSaISt10_List_nodeIP6entityEEC2Ev
FNDA:3,_ZNSaISt13_Rb_tree_nodeISt4pairIKNSt7__cxx1112basic_stringIcSt11char_traitsIcESaIcEEENS1_4listIP6entitySaISA_EEEEEEC2Ev
FNDA:3,_ZNSaIP6entityED2Ev
FNDA:3,_ZNSaISt10_List_nodeISt8functionIFvvEEEED2Ev
FNDA:2235,_ZNSaISt10_List_nodeIP6entityEED2Ev
FNDA:3,_ZNSaISt13_Rb_tree_nodeISt4pairIKNSt7__cxx1112basic_stringIcSt11char_traitsIcESaIcEEENS1_4listIP6entitySaISA_EEEEEED2Ev
FNF:8
FNH:8
DA:131,39
DA:139,2244
LF:2
LH:2
end_of_record
SF:/usr/include/c++/6/bits/basic_string.h
FN:5150,_ZStltIcSt11char_traitsIcESaIcEEbRKNSt7__cxx1112basic_stringIT_T0_T1_EESA_
FNDA:0,_ZStltIcSt11char_traitsIcESaIcEEbRKNSt7__cxx1112basic_stringIT_T0_T1_EESA_
FNF:1
FNH:0
DA:5150,0
DA:5153,0
LF:2
LH:0
end_of_record
SF:/usr/include/c++/6/bits/cpp_type_traits.h
FN:408,_ZSt12__miter_baseIPP6entityET_S3_
FNDA:20,_ZSt12__miter_baseIPP6entityET_S3_
FNF:1
FNH:1
DA:408,20
DA:409,20
LF:2
LH:2
end_of_record
SF:/usr/include/c++/6/bits/list.tcc
FN:65,_ZNSt7__cxx1110_List_baseIP6entitySaIS2_EE8_M_clearEv
FN:65,_ZNSt7__cxx1110_List_baseISt8functionIFvvEESaIS3_EE8_M_clearEv
FN:149,_ZNSt7__cxx114listIP6entitySaIS2_EE5eraseESt20_List_const_iteratorIS2_E
FN:324,_ZNSt7__cxx114listIP6entitySaIS2_EE6removeERKS2_
FNDA:3,_ZNSt7__cxx1110_List_baseISt8functionIFvvEESaIS3_EE8_M_clearEv
FNDA:1104,_ZNSt7__cxx1110_List_baseIP6entitySaIS2_EE8_M_clearEv
FNDA:1083,_ZNSt7__cxx114listIP6entitySaIS2_EE5eraseESt20_List_const_iteratorIS2_E
FNDA:1086,_ZNSt7__cxx114listIP6entitySaIS2_EE6removeERKS2_
FNF:4
FNH:4
DA:65,1107
DA:69,1107
DA:70,3507
DA:72,1200
DA:73,1200
DA:74,1200
DA:76,1200
DA:80,1200
DA:82,1107
DA:149,1083
DA:156,1083
DA:157,1083
DA:158,1083
DA:324,1086
DA:327,1086
DA:328,1086
DA:329,1086
DA:330,176882
DA:332,87898
DA:333,87898
DA:334,87898
DA:339,1086
DA:340,1086
DA:342,0
DA:344,87898
DA:346,1086
DA:347,0
DA:348,1086
LF:28
LH:26
end_of_record
SF:/usr/include/c++/6/bits/move.h
FN:47,_ZSt11__addressofIP6entityEPT_RS2_
FN:47,_ZSt11__addressofIKP6entityEPT_RS3_
FN:47,_ZSt11__addressofISaISt10_List_nodeISt8functionIFvvEEEEEPT_RS6_
FN:47,_ZSt11__addressofISaISt10_List_nodeIP6entityEEEPT_RS5_
FN:76,_ZSt7forwardIRKNSt7__cxx1112basic_stringIcSt11char_traitsIcESaIcEEEEOT_RNSt16remove_referenceIS8_E4typeE
FN:76,_ZSt7forwardIRPSt18_Rb_tree_node_baseEOT_RNSt16remove_referenceIS3_E4typeE
FN:76,_ZSt7forwardIRKSt8functionIFvvEEEOT_RNSt16remove_referenceIS5_E4typeE
FN:76,_ZSt7forwardIRPSt13_Rb_tree_nodeISt4pairIKNSt7__cxx1112basic_stringIcSt11char_traitsIcESaIcEEENS2_4listIP6entitySaISB_EEEEEEOT_RNSt16remove_referenceISI_E4typeE
FN:76,_ZSt7forwardIRKP6entityEOT_RNSt16remove_referenceIS4_E4typeE
FN:76,_ZSt7forwardISt5tupleIJRKNSt7__cxx1112basic_stringIcSt11char_traitsIcESaIcEEEEEEOT_RNSt16remove_referenceISA_E4typeE
FN:76,_ZSt7forwardISt5tupleIJEEEOT_RNSt16remove_referenceIS2_E4typeE
FN:76,_ZSt7forwardIRKSt21piecewise_construct_tEOT_RNSt16remove_referenceIS3_E4typeE
FNDA:9,_ZSt11__addressofISaISt10_List_nodeISt8functionIFvvEEEEEPT_RS6_
FNDA:3414,_ZSt11__addressofISaISt10_List_nodeIP6entityEEEPT_RS5_
FNDA:1086,_ZSt11__addressofIKP6entityEPT_RS3_
FNDA:1086,_ZSt11__addressofIP6entityEPT_RS2_
FNDA:0,_ZSt7forwardIRKNSt7__cxx1112basic_stringIcSt11char_traitsIcESaIcEEEEOT_RNSt16remove_referenceIS8_E4typeE
FNDA:3,_ZSt7forwardIRPSt13_Rb_tree_nodeISt4pairIKNSt7__cxx1112basic_stringIcSt11char_traitsIcESaIcEEENS2_4listIP6entitySaISB_EEEEEEOT_RNSt16remove_referenceISI_E4typeE
FNDA:0,_ZSt7forwardIRPSt18_Rb_tree_node_baseEOT_RNSt16remove_referenceIS3_E4typeE
FNDA:36,_ZSt7forwardIRKSt8functionIFvvEEEOT_RNSt16remove_referenceIS5_E4typeE
FNDA:0,_ZSt7forwardISt5tupleIJEEEOT_RNSt16remove_referenceIS2_E4typeE
FNDA:0,_ZSt7forwardISt5tupleIJRKNSt7__cxx1112basic_stringIcSt11char_traitsIcESaIcEEEEEEOT_RNSt16remove_referenceISA_E4typeE
FNDA:0,_ZSt7forwardIRKSt21piecewise_construct_tEOT_RNSt16remove_referenceIS3_E4typeE
FNDA:16969,_ZSt7forwardIRKP6entityEOT_RNSt16remove_referenceIS4_E4typeE
FNF:12
FNH:7
DA:47,5595
DA:50,5595
DA:76,17008
DA:77,17008
LF:4
LH:4
end_of_record
SF:/usr/include/c++/6/bits/predefined_ops.h
FN:192,_ZN9__gnu_cxx5__ops16_Iter_equals_valIKP6entityEC2ERS4_
FN:198,_ZN9__gnu_cxx5__ops16_Iter_equals_valIKP6entityEclINS_17__normal_iteratorIPS3_St6vectorIS3_SaIS3_EEEEEEbT_
FN:204,_ZN9__gnu_cxx5__ops17__iter_equals_valIKP6entityEENS0_16_Iter_equals_valIT_EERS6_
FNDA:1088,_ZN9__gnu_cxx5__ops16_Iter_equals_valIKP6entityEC2ERS4_
FNDA:332,_ZN9__gnu_cxx5__ops16_Iter_equals_valIKP6entityEclINS_17__normal_iteratorIPS3_St6vectorIS3_SaIS3_EEEEEEbT_
FNDA:1088,_ZN9__gnu_cxx5__ops17__iter_equals_valIKP6entityEENS0_16_Iter_equals_valIT_EERS6_
FNF:3
FNH:3
DA:192,1088
DA:193,1088
DA:194,1088
DA:198,332
DA:199,332
DA:204,1088
DA:205,1088
LF:7
LH:7
end_of_record
SF:/usr/include/c++/6/bits/stl_algo.h
FN:112,_ZSt9__find_ifIN9__gnu_cxx17__normal_iteratorIPP6entitySt6vectorIS3_SaIS3_EEEENS0_5__ops16_Iter_equals_valIKS3_EEET_SD_SD_T0_St26random_access_iterator_tag
FN:159,_ZSt9__find_ifIN9__gnu_cxx17__normal_iteratorIPP6entitySt6vectorIS3_SaIS3_EEEENS0_5__ops16_Iter_equals_valIKS3_EEET_SD_SD_T0_
FN:3784,_ZSt4findIN9__gnu_cxx17__normal_iteratorIPP6entitySt6vectorIS3_SaIS3_EEEES3_ET_S9_S9_RKT0_
FNDA:1088,_ZSt9__find_ifIN9__gnu_cxx17__normal_iteratorIPP6entitySt6vectorIS3_SaIS3_EEEENS0_5__ops16_Iter_equals_valIKS3_EEET_SD_SD_T0_St26random_access_iterator_tag
FNDA:1088,_ZSt9__find_ifIN9__gnu_cxx17__normal_iteratorIPP6entitySt6vectorIS3_SaIS3_EEEENS0_5__ops16_Iter_equals_valIKS3_EEET_SD_SD_T0_
FNDA:1088,_ZSt4findIN9__gnu_cxx17__normal_iteratorIPP6entitySt6vectorIS3_SaIS3_EEEES3_ET_S9_S9_RKT0_
FNF:3
FNH:3
DA:112,1088
DA:116,1088
DA:118,1092
DA:120,2
DA:121,0
DA:122,2
DA:124,2
DA:125,0
DA:126,2
DA:128,2
DA:129,0
DA:130,2
DA:132,2
DA:133,0
DA:134,2
DA:137,1088
DA:140,7
DA:141,0
DA:142,7
DA:144,52
DA:145,0
DA:146,52
DA:148,265
DA:149,2
DA:150,263
DA:153,1086
DA:159,1088
DA:162,1088
DA:3784,1088
DA:3792,1088
DA:3793,1088
LF:31
LH:25
end_of_record
SF:/usr/include/c++/6/bits/stl_algobase.h
FN:219,_ZSt3maxImERKT_S2_S2_
FN:277,_ZSt12__niter_baseIPP6entityET_S3_
FN:357,_ZNSt11__copy_moveILb1ELb1ESt26random_access_iterator_tagE8__copy_mIP6entityEEPT_PKS5_S8_S6_
FN:375,_ZSt13__copy_move_aILb1EPP6entityS2_ET1_T0_S4_S3_
FN:420,_ZSt14__copy_move_a2ILb1EPP6entityS2_ET1_T0_S4_S3_
FN:446,_ZSt4copyISt13move_iteratorIPP6entityES3_ET0_T_S6_S5_
FNDA:10,_ZSt3maxImERKT_S2_S2_
FNDA:30,_ZSt12__niter_baseIPP6entityET_S3_
FNDA:10,_ZNSt11__copy_moveILb1ELb1ESt26random_access_iterator_tagE8__copy_mIP6entityEEPT_PKS5_S8_S6_
FNDA:10,_ZSt13__copy_move_aILb1EPP6entityS2_ET1_T0_S4_S3_
FNDA:10,_ZSt14__copy_move_a2ILb1EPP6entityS2_ET1_T0_S4_S3_
FNDA:10,_ZSt4copyISt13move_iteratorIPP6entityES3_ET0_T_S6_S5_
FNF:6
FNH:6
DA:219,10
DA:224,10
DA:225,3
DA:226,7
DA:277,30
DA:278,30
DA:357,10
DA:366,10
DA:367,10
DA:368,7
DA:369,10
DA:375,10
DA:383,10
DA:386,10
DA:420,10
DA:422,10
DA:424,10
DA:446,10
DA:455,10
DA:456,10
LF:20
LH:20
end_of_record
SF:/usr/include/c++/6/bits/stl_construct.h
FN:112,_ZNSt12_Destroy_auxILb1EE9__destroyIPP6entityEEvT_S5_
FN:122,_ZSt8_DestroyIPP6entityEvT_S3_
FN:148,_ZSt8_DestroyIPP6entityS1_EvT_S3_RSaIT0_E
FNDA:13,_ZNSt12_Destroy_auxILb1EE9__destroyIPP6entityEEvT_S5_
FNDA:13,_ZSt8_DestroyIPP6entityEvT_S3_
FNDA:13,_ZSt8_DestroyIPP6entityS1_EvT_S3_RSaIT0_E
FNF:3
FNH:3
DA:112,13
DA:122,13
DA:126,13
DA:128,13
DA:148,13
DA:151,13
DA:152,13
LF:7
LH:7
end_of_record
SF:/usr/include/c++/6/bits/stl_function.h
FN:385,_ZNKSt4lessINSt7__cxx1112basic_stringIcSt11char_traitsIcESaIcEEEEclERKS5_S8_
FN:890,_ZNKSt10_Select1stISt4pairIKNSt7__cxx1112basic_stringIcSt11char_traitsIcESaIcEEENS1_4listIP6entitySaISA_EEEEEclERKSD_
FNDA:0,_ZNKSt4lessINSt7__cxx1112basic_stringIcSt11char_traitsIcESaIcEEEEclERKS5_S8_
FNDA:272974,_ZNKSt10_Select1stISt4pairIKNSt7__cxx1112basic_stringIcSt11char_traitsIcESaIcEEENS1_4listIP6entitySaISA_EEEEEclERKSD_
FNF:2
FNH:1
DA:385,0
DA:386,0
DA:890,272974
DA:891,272974
LF:4
LH:2
end_of_record
SF:/usr/include/c++/6/bits/stl_iterator.h
FN:776,_ZN9__gnu_cxx17__normal_iteratorIPP6entitySt6vectorIS2_SaIS2_EEEC2ERKS3_
FN:776,_ZN9__gnu_cxx17__normal_iteratorIPKP6entitySt6vectorIS2_SaIS2_EEEC2ERKS4_
FN:789,_ZNK9__gnu_cxx17__normal_iteratorIPP6entitySt6vectorIS2_SaIS2_EEEdeEv
FN:797,_ZN9__gnu_cxx17__normal_iteratorIPP6entitySt6vectorIS2_SaIS2_EEEppEv
FN:837,_ZNK9__gnu_cxx17__normal_iteratorIPP6entitySt6vectorIS2_SaIS2_EEEmiEl
FN:841,_ZNK9__gnu_cxx17__normal_iteratorIPP6entitySt6vectorIS2_SaIS2_EEE4baseEv
FN:841,_ZNK9__gnu_cxx17__normal_iteratorIPKP6entitySt6vectorIS2_SaIS2_EEE4baseEv
FN:863,_ZN9__gnu_cxxeqIPKP6entitySt6vectorIS2_SaIS2_EEEEbRKNS_17__normal_iteratorIT_T0_EESD_
FN:863,_ZN9__gnu_cxxeqIPP6entitySt6vectorIS2_SaIS2_EEEEbRKNS_17__normal_iteratorIT_T0_EESC_
FN:959,_ZN9__gnu_cxxmiIPP6entitySt6vectorIS2_SaIS2_EEEENS_17__normal_iteratorIT_T0_E15difference_typeERKSA_SD_
FN:1032,_ZNSt13move_iteratorIPP6entityEC2ES2_
FN:1040,_ZNKSt13move_iteratorIPP6entityE4baseEv
FN:1223,_ZSt32__make_move_if_noexcept_iteratorIP6entitySt13move_iteratorIPS1_EET0_PT_
FN:1243,_ZSt12__miter_baseIPP6entityEDTcl12__miter_basecldtfp_4baseEEESt13move_iteratorIT_E
FNDA:8460,_ZN9__gnu_cxx17__normal_iteratorIPKP6entitySt6vectorIS2_SaIS2_EEEC2ERKS4_
FNDA:11952,_ZN9__gnu_cxx17__normal_iteratorIPP6entitySt6vectorIS2_SaIS2_EEEC2ERKS3_
FNDA:4676,_ZNK9__gnu_cxx17__normal_iteratorIPP6entitySt6vectorIS2_SaIS2_EEEdeEv
FNDA:330,_ZN9__gnu_cxx17__normal_iteratorIPP6entitySt6vectorIS2_SaIS2_EEEppEv
FNDA:4344,_ZNK9__gnu_cxx17__normal_iteratorIPP6entitySt6vectorIS2_SaIS2_EEEmiEl
FNDA:8460,_ZNK9__gnu_cxx17__normal_iteratorIPKP6entitySt6vectorIS2_SaIS2_EEE4baseEv
FNDA:6528,_ZNK9__gnu_cxx17__normal_iteratorIPP6entitySt6vectorIS2_SaIS2_EEE4baseEv
FNDA:4230,_ZN9__gnu_cxxeqIPKP6entitySt6vectorIS2_SaIS2_EEEEbRKNS_17__normal_iteratorIT_T0_EESD_
FNDA:1088,_ZN9__gnu_cxxeqIPP6entitySt6vectorIS2_SaIS2_EEEEbRKNS_17__normal_iteratorIT_T0_EESC_
FNDA:2176,_ZN9__gnu_cxxmiIPP6entitySt6vectorIS2_SaIS2_EEEENS_17__normal_iteratorIT_T0_E15difference_typeERKSA_SD_
FNDA:20,_ZNSt13move_iteratorIPP6entityEC2ES2_
FNDA:20,_ZNKSt13move_iteratorIPP6entityE4baseEv
FNDA:20,_ZSt32__make_move_if_noexcept_iteratorIP6entitySt13move_iteratorIPS1_EET0_PT_
FNDA:20,_ZSt12__miter_baseIPP6entityEDTcl12__miter_basecldtfp_4baseEEESt13move_iteratorIT_E
FNF:14
FNH:14
DA:776,20412
DA:777,20412
DA:789,4676
DA:790,4676
DA:797,330
DA:799,330
DA:800,330
DA:837,4344
DA:838,4344
DA:841,14988
DA:842,14988
DA:863,5318
DA:866,5318
DA:959,2176
DA:962,2176
DA:1032,20
DA:1033,20
DA:1040,20
DA:1041,20
DA:1223,20
DA:1224,20
DA:1243,20
DA:1245,20
LF:23
LH:23
end_of_record
SF:/usr/include/c++/6/bits/stl_iterator_base_types.h
FN:204,_ZSt19__iterator_categoryIN9__gnu_cxx17__normal_iteratorIPP6entitySt6vectorIS3_SaIS3_EEEEENSt15iterator_traitsIT_E17iterator_categoryERKSA_
FNDA:1088,_ZSt19__iterator_categoryIN9__gnu_cxx17__normal_iteratorIPP6entitySt6vectorIS3_SaIS3_EEEEENSt15iterator_traitsIT_E17iterator_categoryERKSA_
FNF:1
FNH:1
DA:204,1088
DA:205,1088
LF:2
LH:2
end_of_record
SF:/usr/include/c++/6/bits/stl_list.h
FN:113,_ZNSt10_List_nodeIP9attributeE9_M_valptrEv
FN:113,_ZNSt10_List_nodeIP6entityE9_M_valptrEv
FN:113,_ZNSt10_List_nodeISt8functionIFvvEEE9_M_valptrEv
FN:113,_ZNSt10_List_nodeImE9_M_valptrEv
FN:143,_ZNSt14_List_iteratorISt8functionIFvvEEEC2EPNSt8__detail15_List_node_baseE
FN:143,_ZNSt14_List_iteratorIP9attributeEC2EPNSt8__detail15_List_node_baseE
FN:143,_ZNSt14_List_iteratorIP6entityEC2EPNSt8__detail15_List_node_baseE
FN:152,_ZNKSt14_List_iteratorIP6entityEdeEv
FN:152,_ZNKSt14_List_iteratorISt8functionIFvvEEEdeEv
FN:152,_ZNKSt14_List_iteratorIP9attributeEdeEv
FN:160,_ZNSt14_List_iteratorIP9attributeEppEv
FN:160,_ZNSt14_List_iteratorIP6entityEppEv
FN:160,_ZNSt14_List_iteratorISt8functionIFvvEEEppEv
FN:194,_ZNKSt14_List_iteratorIP9attributeEneERKS2_
FN:194,_ZNKSt14_List_iteratorIP6entityEneERKS2_
FN:194,_ZNKSt14_List_iteratorISt8functionIFvvEEEneERKS3_
FN:227,_ZNSt20_List_const_iteratorIP6entityEC2ERKSt14_List_iteratorIS1_E
FN:231,_ZNKSt20_List_const_iteratorIP6entityE13_M_const_castEv
FN:323,_ZNSt7__cxx1110_List_baseISt8functionIFvvEESaIS3_EE10_List_implD2Ev
FN:323,_ZNSt7__cxx1110_List_baseIP6entitySaIS2_EE10_List_implD2Ev
FN:332,_ZNSt7__cxx1110_List_baseIP6entitySaIS2_EE10_List_implC2Ev
FN:332,_ZNSt7__cxx1110_List_baseISt8functionIFvvEESaIS3_EE10_List_implC2Ev
FN:352,_ZNSt7__cxx1110_List_baseIP6entitySaIS2_EE11_M_set_sizeEm
FN:352,_ZNSt7__cxx1110_List_baseISt8functionIFvvEESaIS3_EE11_M_set_sizeEm
FN:354,_ZNSt7__cxx1110_List_baseIP6entitySaIS2_EE11_M_inc_sizeEm
FN:354,_ZNSt7__cxx1110_List_baseISt8functionIFvvEESaIS3_EE11_M_inc_sizeEm
FN:356,_ZNSt7__cxx1110_List_baseIP6entitySaIS2_EE11_M_dec_sizeEm
FN:382,_ZNSt7__cxx1110_List_baseIP6entitySaIS2_EE11_M_get_nodeEv
FN:382,_ZNSt7__cxx1110_List_baseISt8functionIFvvEESaIS3_EE11_M_get_nodeEv
FN:386,_ZNSt7__cxx1110_List_baseISt8functionIFvvEESaIS3_EE11_M_put_nodeEPSt10_List_nodeIS3_E
FN:386,_ZNSt7__cxx1110_List_baseIP6entitySaIS2_EE11_M_put_nodeEPSt10_List_nodeIS2_E
FN:393,_ZNSt7__cxx1110_List_baseISt8functionIFvvEESaIS3_EE21_M_get_Node_allocatorEv
FN:393,_ZNSt7__cxx1110_List_baseIP6entitySaIS2_EE21_M_get_Node_allocatorEv
FN:400,_ZNSt7__cxx1110_List_baseISt8functionIFvvEESaIS3_EEC2Ev
FN:400,_ZNSt7__cxx1110_List_baseIP6entitySaIS2_EEC2Ev
FN:441,_ZNSt7__cxx1110_List_baseIP6entitySaIS2_EED2Ev
FN:441,_ZNSt7__cxx1110_List_baseISt8functionIFvvEESaIS3_EED2Ev
FN:448,_ZNSt7__cxx1110_List_baseISt8functionIFvvEESaIS3_EE7_M_initEv
FN:448,_ZNSt7__cxx1110_List_baseIP6entitySaIS2_EE7_M_initEv
FN:503,_ZNSt7__cxx114listIP6entitySaIS2_EED2Ev
FN:503,_ZNSt7__cxx114listISt8functionIFvvEESaIS3_EED2Ev
FN:566,_ZNSt7__cxx114listIP6entitySaIS2_EE14_M_create_nodeIJRKS2_EEEPSt10_List_nodeIS2_EDpOT_
FN:566,_ZNSt7__cxx114listISt8functionIFvvEESaIS3_EE14_M_create_nodeIJRKS3_EEEPSt10_List_nodeIS3_EDpOT_
FN:585,_ZNSt7__cxx114listISt8functionIFvvEESaIS3_EEC2Ev
FN:585,_ZNSt7__cxx114listIP6entitySaIS2_EEC2Ev
FN:840,_ZNSt7__cxx114listIP6entitySaIS2_EE5beginEv
FN:840,_ZNSt7__cxx114listIP9attributeSaIS2_EE5beginEv
FN:840,_ZNSt7__cxx114listISt8functionIFvvEESaIS3_EE5beginEv
FN:858,_ZNSt7__cxx114listIP9attributeSaIS2_EE3endEv
FN:858,_ZNSt7__cxx114listIP6entitySaIS2_EE3endEv
FN:858,_ZNSt7__cxx114listISt8functionIFvvEESaIS3_EE3endEv
FN:1097,_ZNSt7__cxx114listISt8functionIFvvEESaIS3_EE9push_backERKS3_
FN:1097,_ZNSt7__cxx114listIP6entitySaIS2_EE9push_backERKS2_
FN:1768,_ZNSt7__cxx114listISt8functionIFvvEESaIS3_EE9_M_insertIJRKS3_EEEvSt14_List_iteratorIS3_EDpOT_
FN:1768,_ZNSt7__cxx114listIP6entitySaIS2_EE9_M_insertIJRKS2_EEEvSt14_List_iteratorIS2_EDpOT_
FN:1778,_ZNSt7__cxx114listIP6entitySaIS2_EE8_M_eraseESt14_List_iteratorIS2_E
FNDA:0,_ZNSt10_List_nodeImE9_M_valptrEv
FNDA:0,_ZNSt10_List_nodeIP9attributeE9_M_valptrEv
FNDA:9450,_ZNSt10_List_nodeISt8functionIFvvEEE9_M_valptrEv
FNDA:1867051,_ZNSt10_List_nodeIP6entityE9_M_valptrEv
FNDA:0,_ZNSt14_List_iteratorIP9attributeEC2EPNSt8__detail15_List_node_baseE
FNDA:15729,_ZNSt14_List_iteratorISt8functionIFvvEEEC2EPNSt8__detail15_List_node_baseE
FNDA:1891292,_ZNSt14_List_iteratorIP6entityEC2EPNSt8__detail15_List_node_baseE
FNDA:0,_ZNKSt14_List_iteratorIP9attributeEdeEv
FNDA:9432,_ZNKSt14_List_iteratorISt8functionIFvvEEEdeEv
FNDA:1860277,_ZNKSt14_List_iteratorIP6entityEdeEv
FNDA:0,_ZNSt14_List_iteratorIP9attributeEppEv
FNDA:9432,_ZNSt14_List_iteratorISt8functionIFvvEEEppEv
FNDA:1316698,_ZNSt14_List_iteratorIP6entityEppEv
FNDA:0,_ZNKSt14_List_iteratorIP9attributeEneERKS2_
FNDA:12576,_ZNKSt14_List_iteratorISt8functionIFvvEEEneERKS3_
FNDA:1646240,_ZNKSt14_List_iteratorIP6entityEneERKS2_
FNDA:1083,_ZNSt20_List_const_iteratorIP6entityEC2ERKSt14_List_iteratorIS1_E
FNDA:1083,_ZNKSt20_List_const_iteratorIP6entityE13_M_const_castEv
FNDA:3,_ZNSt7__cxx1110_List_baseISt8functionIFvvEESaIS3_EE10_List_implD2Ev
FNDA:1104,_ZNSt7__cxx1110_List_baseIP6entitySaIS2_EE10_List_implD2Ev
FNDA:3,_ZNSt7__cxx1110_List_baseISt8functionIFvvEESaIS3_EE10_List_implC2Ev
FNDA:30,_ZNSt7__cxx1110_List_baseIP6entitySaIS2_EE10_List_implC2Ev
FNDA:3,_ZNSt7__cxx1110_List_baseISt8functionIFvvEESaIS3_EE11_M_set_sizeEm
FNDA:1161,_ZNSt7__cxx1110_List_baseIP6entitySaIS2_EE11_M_set_sizeEm
FNDA:9,_ZNSt7__cxx1110_List_baseISt8functionIFvvEESaIS3_EE11_M_inc_sizeEm
FNDA:3414,_ZNSt7__cxx1110_List_baseIP6entitySaIS2_EE11_M_inc_sizeEm
FNDA:2169,_ZNSt7__cxx1110_List_baseIP6entitySaIS2_EE11_M_dec_sizeEm
FNDA:9,_ZNSt7__cxx1110_List_baseISt8functionIFvvEESaIS3_EE11_M_get_nodeEv
FNDA:3414,_ZNSt7__cxx1110_List_baseIP6entitySaIS2_EE11_M_get_nodeEv
FNDA:9,_ZNSt7__cxx1110_List_baseISt8functionIFvvEESaIS3_EE11_M_put_nodeEPSt10_List_nodeIS3_E
FNDA:3360,_ZNSt7__cxx1110_List_baseIP6entitySaIS2_EE11_M_put_nodeEPSt10_List_nodeIS2_E
FNDA:18,_ZNSt7__cxx1110_List_baseISt8functionIFvvEESaIS3_EE21_M_get_Node_allocatorEv
FNDA:6774,_ZNSt7__cxx1110_List_baseIP6entitySaIS2_EE21_M_get_Node_allocatorEv
FNDA:3,_ZNSt7__cxx1110_List_baseISt8functionIFvvEESaIS3_EEC2Ev
FNDA:30,_ZNSt7__cxx1110_List_baseIP6entitySaIS2_EEC2Ev
FNDA:3,_ZNSt7__cxx1110_List_baseISt8functionIFvvEESaIS3_EED2Ev
FNDA:1104,_ZNSt7__cxx1110_List_baseIP6entitySaIS2_EED2Ev
FNDA:3,_ZNSt7__cxx1110_List_baseISt8functionIFvvEESaIS3_EE7_M_initEv
FNDA:1161,_ZNSt7__cxx1110_List_baseIP6entitySaIS2_EE7_M_initEv
FNDA:3,_ZNSt7__cxx114listISt8functionIFvvEESaIS3_EED2Ev
FNDA:1104,_ZNSt7__cxx114listIP6entitySaIS2_EED2Ev
FNDA:9,_ZNSt7__cxx114listISt8functionIFvvEESaIS3_EE14_M_create_nodeIJRKS3_EEEPSt10_List_nodeIS3_EDpOT_
FNDA:3414,_ZNSt7__cxx114listIP6entitySaIS2_EE14_M_create_nodeIJRKS2_EEEPSt10_List_nodeIS2_EDpOT_
FNDA:3,_ZNSt7__cxx114listISt8functionIFvvEESaIS3_EEC2Ev
FNDA:30,_ZNSt7__cxx114listIP6entitySaIS2_EEC2Ev
FNDA:0,_ZNSt7__cxx114listIP9attributeSaIS2_EE5beginEv
FNDA:3144,_ZNSt7__cxx114listISt8functionIFvvEESaIS3_EE5beginEv
FNDA:328456,_ZNSt7__cxx114listIP6entitySaIS2_EE5beginEv
FNDA:0,_ZNSt7__cxx114listIP9attributeSaIS2_EE3endEv
FNDA:12585,_ZNSt7__cxx114listISt8functionIFvvEESaIS3_EE3endEv
FNDA:1560670,_ZNSt7__cxx114listIP6entitySaIS2_EE3endEv
FNDA:9,_ZNSt7__cxx114listISt8functionIFvvEESaIS3_EE9push_backERKS3_
FNDA:2283,_ZNSt7__cxx114listIP6entitySaIS2_EE9push_backERKS2_
FNDA:9,_ZNSt7__cxx114listISt8functionIFvvEESaIS3_EE9_M_insertIJRKS3_EEEvSt14_List_iteratorIS3_EDpOT_
FNDA:3414,_ZNSt7__cxx114listIP6entitySaIS2_EE9_M_insertIJRKS2_EEEvSt14_List_iteratorIS2_EDpOT_
FNDA:2169,_ZNSt7__cxx114listIP6entitySaIS2_EE8_M_eraseESt14_List_iteratorIS2_E
FNF:56
FNH:48
DA:113,1876501
DA:143,1907021
DA:144,1907021
DA:152,1869709
DA:153,1869709
DA:160,1326130
DA:162,1326130
DA:163,1326130
DA:194,1658816
DA:195,1658816
DA:227,1083
DA:228,1083
DA:231,1083
DA:232,1083
DA:323,1107
DA:332,33
DA:333,33
DA:334,33
DA:352,1164
DA:354,3423
DA:356,2169
DA:382,3423
DA:383,3423
DA:386,3369
DA:387,3369
DA:393,6792
DA:394,6792
DA:400,33
DA:401,33
DA:402,33
DA:441,1107
DA:442,1107
DA:448,1164
DA:450,1164
DA:451,1164
DA:452,1164
DA:453,1164
DA:503,1107
DA:566,3423
DA:568,3423
DA:569,3423
DA:570,6846
DA:571,3423
DA:573,3423
DA:574,6846
DA:585,33
DA:589,33
DA:840,331600
DA:841,331600
DA:858,1573255
DA:859,1573255
DA:1097,2292
DA:1098,2292
DA:1768,3423
DA:1770,3423
DA:1771,3423
DA:1772,3423
DA:1773,3423
DA:1778,2169
DA:1780,2169
DA:1781,2169
DA:1782,2169
DA:1784,2169
DA:1789,2169
DA:1790,2169
LF:65
LH:65
end_of_record
SF:/usr/include/c++/6/bits/stl_map.h
FN:96,_ZNSt3mapINSt7__cxx1112basic_stringIcSt11char_traitsIcESaIcEEENS0_4listIP6entitySaIS8_EEESt4lessIS5_ESaISt4pairIKS5_SA_EEED2Ev
FN:162,_ZNSt3mapINSt7__cxx1112basic_stringIcSt11char_traitsIcESaIcEEENS0_4listIP6entitySaIS8_EEESt4lessIS5_ESaISt4pairIKS5_SA_EEEC2Ev
FN:338,_ZNSt3mapINSt7__cxx1112basic_stringIcSt11char_traitsIcESaIcEEENS0_4listIP6entitySaIS8_EEESt4lessIS5_ESaISt4pairIKS5_SA_EEE5beginEv
FN:356,_ZNSt3mapINSt7__cxx1112basic_stringIcSt11char_traitsIcESaIcEEENS0_4listIP6entitySaIS8_EEESt4lessIS5_ESaISt4pairIKS5_SA_EEE3endEv
FN:474,_ZNSt3mapINSt7__cxx1112basic_stringIcSt11char_traitsIcESaIcEEENS0_4listIP6entitySaIS8_EEESt4lessIS5_ESaISt4pairIKS5_SA_EEEixERSE_
FN:1052,_ZNKSt3mapINSt7__cxx1112basic_stringIcSt11char_traitsIcESaIcEEENS0_4listIP6entitySaIS8_EEESt4lessIS5_ESaISt4pairIKS5_SA_EEE8key_compEv
FN:1149,_ZNSt3mapINSt7__cxx1112basic_stringIcSt11char_traitsIcESaIcEEENS0_4listIP6entitySaIS8_EEESt4lessIS5_ESaISt4pairIKS5_SA_EEE11lower_boundERSE_
FNDA:3,_ZNSt3mapINSt7__cxx1112basic_stringIcSt11char_traitsIcESaIcEEENS0_4listIP6entitySaIS8_EEESt4lessIS5_ESaISt4pairIKS5_SA_EEED2Ev
FNDA:3,_ZNSt3mapINSt7__cxx1112basic_stringIcSt11char_traitsIcESaIcEEENS0_4listIP6entitySaIS8_EEESt4lessIS5_ESaISt4pairIKS5_SA_EEEC2Ev
FNDA:1086,_ZNSt3mapINSt7__cxx1112basic_stringIcSt11char_traitsIcESaIcEEENS0_4listIP6entitySaIS8_EEESt4lessIS5_ESaISt4pairIKS5_SA_EEE5beginEv
FNDA:217486,_ZNSt3mapINSt7__cxx1112basic_stringIcSt11char_traitsIcESaIcEEENS0_4listIP6entitySaIS8_EEESt4lessIS5_ESaISt4pairIKS5_SA_EEE3endEv
FNDA:214228,_ZNSt3mapINSt7__cxx1112basic_stringIcSt11char_traitsIcESaIcEEENS0_4listIP6entitySaIS8_EEESt4lessIS5_ESaISt4pairIKS5_SA_EEEixERSE_
FNDA:214222,_ZNKSt3mapINSt7__cxx1112basic_stringIcSt11char_traitsIcESaIcEEENS0_4listIP6entitySaIS8_EEESt4lessIS5_ESaISt4pairIKS5_SA_EEE8key_compEv
FNDA:214228,_ZNSt3mapINSt7__cxx1112basic_stringIcSt11char_traitsIcESaIcEEENS0_4listIP6entitySaIS8_EEESt4lessIS5_ESaISt4pairIKS5_SA_EEE11lower_boundERSE_
FNF:7
FNH:7
DA:96,3
DA:162,3
DA:166,3
DA:338,1086
DA:339,1086
DA:356,217486
DA:357,217486
DA:474,214228
DA:479,214228
DA:481,214228
DA:483,6
DA:489,214228
DA:1052,214222
DA:1053,214222
DA:1149,214228
DA:1150,214228
LF:16
LH:16
end_of_record
SF:/usr/include/c++/6/bits/stl_pair.h
FN:194,_ZNSt4pairIKNSt7__cxx1112basic_stringIcSt11char_traitsIcESaIcEEENS0_4listIP6entitySaIS9_EEEED2Ev
FN:296,_ZNSt4pairIPSt18_Rb_tree_node_baseS1_EC2IRS1_Lb1EEEOT_RKS1_
FN:310,_ZNSt4pairIPSt18_Rb_tree_node_baseS1_EC2IRS1_Lb1EEERKS1_OT_
FN:326,_ZNSt4pairIPSt18_Rb_tree_node_baseS1_EC2IRPSt13_Rb_tree_nodeIS_IKNSt7__cxx1112basic_stringIcSt11char_traitsIcESaIcEEENS5_4listIP6entitySaISE_EEEEERS1_Lb1EEEOT_OT0_
FN:326,_ZNSt4pairIPSt18_Rb_tree_node_baseS1_EC2IRS1_S4_Lb1EEEOT_OT0_
FNDA:6,_ZNSt4pairIKNSt7__cxx1112basic_stringIcSt11char_traitsIcESaIcEEENS0_4listIP6entitySaIS9_EEEED2Ev
FNDA:0,_ZNSt4pairIPSt18_Rb_tree_node_baseS1_EC2IRS1_Lb1EEEOT_RKS1_
FNDA:0,_ZNSt4pairIPSt18_Rb_tree_node_baseS1_EC2IRS1_Lb1EEERKS1_OT_
FNDA:3,_ZNSt4pairIPSt18_Rb_tree_node_baseS1_EC2IRPSt13_Rb_tree_nodeIS_IKNSt7__cxx1112basic_stringIcSt11char_traitsIcESaIcEEENS5_4listIP6entitySaISE_EEEEERS1_Lb1EEEOT_OT0_
FNDA:0,_ZNSt4pairIPSt18_Rb_tree_node_baseS1_EC2IRS1_S4_Lb1EEEOT_OT0_
FNF:5
FNH:2
DA:194,6
DA:296,0
DA:297,0
DA:310,0
DA:311,0
DA:326,3
DA:327,3
LF:7
LH:3
end_of_record
SF:/usr/include/c++/6/bits/stl_tree.h
FN:98,_ZNSt18_Rb_tree_node_baseC2Ev
FN:138,_ZNSt13_Rb_tree_nodeISt4pairIKNSt7__cxx1112basic_stringIcSt11char_traitsIcESaIcEEENS1_4listIP6entitySaISA_EEEEEC2Ev
FN:156,_ZNSt13_Rb_tree_nodeISt4pairIKNSt7__cxx1112basic_stringIcSt11char_traitsIcESaIcEEENS1_4listIP6entitySaISA_EEEEE9_M_valptrEv
FN:160,_ZNKSt13_Rb_tree_nodeISt4pairIKNSt7__cxx1112basic_stringIcSt11char_traitsIcESaIcEEENS1_4listIP6entitySaISA_EEEEE9_M_valptrEv
FN:195,_ZNSt17_Rb_tree_iteratorISt4pairIKNSt7__cxx1112basic_stringIcSt11char_traitsIcESaIcEEENS1_4listIP6entitySaISA_EEEEEC2EPSt18_Rb_tree_node_base
FN:199,_ZNKSt17_Rb_tree_iteratorISt4pairIKNSt7__cxx1112basic_stringIcSt11char_traitsIcESaIcEEENS1_4listIP6entitySaISA_EEEEEdeEv
FN:203,_ZNKSt17_Rb_tree_iteratorISt4pairIKNSt7__cxx1112basic_stringIcSt11char_traitsIcESaIcEEENS1_4listIP6entitySaISA_EEEEEptEv
FN:207,_ZNSt17_Rb_tree_iteratorISt4pairIKNSt7__cxx1112basic_stringIcSt11char_traitsIcESaIcEEENS1_4listIP6entitySaISA_EEEEEppEv
FN:222,_ZNSt17_Rb_tree_iteratorISt4pairIKNSt7__cxx1112basic_stringIcSt11char_traitsIcESaIcEEENS1_4listIP6entitySaISA_EEEEEmmEv
FN:237,_ZNKSt17_Rb_tree_iteratorISt4pairIKNSt7__cxx1112basic_stringIcSt11char_traitsIcESaIcEEENS1_4listIP6entitySaISA_EEEEEeqERKSE_
FN:241,_ZNKSt17_Rb_tree_iteratorISt4pairIKNSt7__cxx1112basic_stringIcSt11char_traitsIcESaIcEEENS1_4listIP6entitySaISA_EEEEEneERKSE_
FN:270,_ZNSt23_Rb_tree_const_iteratorISt4pairIKNSt7__cxx1112basic_stringIcSt11char_traitsIcESaIcEEENS1_4listIP6entitySaISA_EEEEEC2ERKSt17_Rb_tree_iteratorISD_E
FN:274,_ZNKSt23_Rb_tree_const_iteratorISt4pairIKNSt7__cxx1112basic_stringIcSt11char_traitsIcESaIcEEENS1_4listIP6entitySaISA_EEEEE13_M_const_castEv
FN:491,_ZNSt8_Rb_treeINSt7__cxx1112basic_stringIcSt11char_traitsIcESaIcEEESt4pairIKS5_NS0_4listIP6entitySaISA_EEEESt10_Select1stISD_ESt4lessIS5_ESaISD_EE21_M_get_Node_allocatorEv
FN:504,_ZNSt8_Rb_treeINSt7__cxx1112basic_stringIcSt11char_traitsIcESaIcEEESt4pairIKS5_NS0_4listIP6entitySaISA_EEEESt10_Select1stISD_ESt4lessIS5_ESaISD_EE11_M_get_nodeEv
FN:508,_ZNSt8_Rb_treeINSt7__cxx1112basic_stringIcSt11char_traitsIcESaIcEEESt4pairIKS5_NS0_4listIP6entitySaISA_EEEESt10_Select1stISD_ESt4lessIS5_ESaISD_EE11_M_put_nodeEPSt13_Rb_tree_nodeISD_E
FN:538,_ZNSt8_Rb_treeINSt7__cxx1112basic_stringIcSt11char_traitsIcESaIcEEESt4pairIKS5_NS0_4listIP6entitySaISA_EEEESt10_Select1stISD_ESt4lessIS5_ESaISD_EE17_M_construct_nodeIJRKSt21piecewise_construct_tSt5tupleIJRS7_EESO_IJEEEEEvPSt13_Rb_tree_nodeISD_EDpOT_
FN:557,_ZNSt8_Rb_treeINSt7__cxx1112basic_stringIcSt11char_traitsIcESaIcEEESt4pairIKS5_NS0_4listIP6entitySaISA_EEEESt10_Select1stISD_ESt4lessIS5_ESaISD_EE14_M_create_nodeIJRKSt21piecewise_construct_tSt5tupleIJRS7_EESO_IJEEEEEPSt13_Rb_tree_nodeISD_EDpOT_
FN:565,_ZNSt8_Rb_treeINSt7__cxx1112basic_stringIcSt11char_traitsIcESaIcEEESt4pairIKS5_NS0_4listIP6entitySaISA_EEEESt10_Select1stISD_ESt4lessIS5_ESaISD_EE15_M_destroy_nodeEPSt13_Rb_tree_nodeISD_E
FN:573,_ZNSt8_Rb_treeINSt7__cxx1112basic_stringIcSt11char_traitsIcESaIcEEESt4pairIKS5_NS0_4listIP6entitySaISA_EEEESt10_Select1stISD_ESt4lessIS5_ESaISD_EE12_M_drop_nodeEPSt13_Rb_tree_nodeISD_E
FN:594,_ZNSt8_Rb_treeINSt7__cxx1112basic_stringIcSt11char_traitsIcESaIcEEESt4pairIKS5_NS0_4listIP6entitySaISA_EEEESt10_Select1stISD_ESt4lessIS5_ESaISD_EE13_Rb_tree_implISH_Lb1EED2Ev
FN:600,_ZNSt8_Rb_treeINSt7__cxx1112basic_stringIcSt11char_traitsIcESaIcEEESt4pairIKS5_NS0_4listIP6entitySaISA_EEEESt10_Select1stISD_ESt4lessIS5_ESaISD_EE13_Rb_tree_implISH_Lb1EEC2Ev
FN:628,_ZNSt8_Rb_treeINSt7__cxx1112basic_stringIcSt11char_traitsIcESaIcEEESt4pairIKS5_NS0_4listIP6entitySaISA_EEEESt10_Select1stISD_ESt4lessIS5_ESaISD_EE13_Rb_tree_implISH_Lb1EE13_M_initializeEv
FN:649,_ZNSt8_Rb_treeINSt7__cxx1112basic_stringIcSt11char_traitsIcESaIcEEESt4pairIKS5_NS0_4listIP6entitySaISA_EEEESt10_Select1stISD_ESt4lessIS5_ESaISD_EE11_M_leftmostEv
FN:657,_ZNSt8_Rb_treeINSt7__cxx1112basic_stringIcSt11char_traitsIcESaIcEEESt4pairIKS5_NS0_4listIP6entitySaISA_EEEESt10_Select1stISD_ESt4lessIS5_ESaISD_EE12_M_rightmostEv
FN:665,_ZNSt8_Rb_treeINSt7__cxx1112basic_stringIcSt11char_traitsIcESaIcEEESt4pairIKS5_NS0_4listIP6entitySaISA_EEEESt10_Select1stISD_ESt4lessIS5_ESaISD_EE8_M_beginEv
FN:676,_ZNSt8_Rb_treeINSt7__cxx1112basic_stringIcSt11char_traitsIcESaIcEEESt4pairIKS5_NS0_4listIP6entitySaISA_EEEESt10_Select1stISD_ESt4lessIS5_ESaISD_EE6_M_endEv
FN:684,_ZNSt8_Rb_treeINSt7__cxx1112basic_stringIcSt11char_traitsIcESaIcEEESt4pairIKS5_NS0_4listIP6entitySaISA_EEEESt10_Select1stISD_ESt4lessIS5_ESaISD_EE8_S_valueEPKSt13_Rb_tree_nodeISD_E
FN:688,_ZNSt8_Rb_treeINSt7__cxx1112basic_stringIcSt11char_traitsIcESaIcEEESt4pairIKS5_NS0_4listIP6entitySaISA_EEEESt10_Select1stISD_ESt4lessIS5_ESaISD_EE6_S_keyEPKSt13_Rb_tree_nodeISD_E
FN:692,_ZNSt8_Rb_treeINSt7__cxx1112basic_stringIcSt11char_traitsIcESaIcEEESt4pairIKS5_NS0_4listIP6entitySaISA_EEEESt10_Select1stISD_ESt4lessIS5_ESaISD_EE7_S_leftEPSt18_Rb_tree_node_base
FN:700,_ZNSt8_Rb_treeINSt7__cxx1112basic_stringIcSt11char_traitsIcESaIcEEESt4pairIKS5_NS0_4listIP6entitySaISA_EEEESt10_Select1stISD_ESt4lessIS5_ESaISD_EE8_S_rightEPSt18_Rb_tree_node_base
FN:708,_ZNSt8_Rb_treeINSt7__cxx1112basic_stringIcSt11char_traitsIcESaIcEEESt4pairIKS5_NS0_4listIP6entitySaISA_EEEESt10_Select1stISD_ESt4lessIS5_ESaISD_EE8_S_valueEPKSt18_Rb_tree_node_base
FN:712,_ZNSt8_Rb_treeINSt7__cxx1112basic_stringIcSt11char_traitsIcESaIcEEESt4pairIKS5_NS0_4listIP6entitySaISA_EEEESt10_Select1stISD_ESt4lessIS5_ESaISD_EE6_S_keyEPKSt18_Rb_tree_node_base
FN:821,_ZNSt8_Rb_treeINSt7__cxx1112basic_stringIcSt11char_traitsIcESaIcEEESt4pairIKS5_NS0_4listIP6entitySaISA_EEEESt10_Select1stISD_ESt4lessIS5_ESaISD_EEC2Ev
FN:872,_ZNSt8_Rb_treeINSt7__cxx1112basic_stringIcSt11char_traitsIcESaIcEEESt4pairIKS5_NS0_4listIP6entitySaISA_EEEESt10_Select1stISD_ESt4lessIS5_ESaISD_EED2Ev
FN:880,_ZNKSt8_Rb_treeINSt7__cxx1112basic_stringIcSt11char_traitsIcESaIcEEESt4pairIKS5_NS0_4listIP6entitySaISA_EEEESt10_Select1stISD_ESt4lessIS5_ESaISD_EE8key_compEv
FN:884,_ZNSt8_Rb_treeINSt7__cxx1112basic_stringIcSt11char_traitsIcESaIcEEESt4pairIKS5_NS0_4listIP6entitySaISA_EEEESt10_Select1stISD_ESt4lessIS5_ESaISD_EE5beginEv
FN:892,_ZNSt8_Rb_treeINSt7__cxx1112basic_stringIcSt11char_traitsIcESaIcEEESt4pairIKS5_NS0_4listIP6entitySaISA_EEEESt10_Select1stISD_ESt4lessIS5_ESaISD_EE3endEv
FN:920,_ZNKSt8_Rb_treeINSt7__cxx1112basic_stringIcSt11char_traitsIcESaIcEEESt4pairIKS5_NS0_4listIP6entitySaISA_EEEESt10_Select1stISD_ESt4lessIS5_ESaISD_EE4sizeEv
FN:1102,_ZNSt8_Rb_treeINSt7__cxx1112basic_stringIcSt11char_traitsIcESaIcEEESt4pairIKS5_NS0_4listIP6entitySaISA_EEEESt10_Select1stISD_ESt4lessIS5_ESaISD_EE11lower_boundERS7_
FN:1632,_ZNSt8_Rb_treeINSt7__cxx1112basic_stringIcSt11char_traitsIcESaIcEEESt4pairIKS5_NS0_4listIP6entitySaISA_EEEESt10_Select1stISD_ESt4lessIS5_ESaISD_EE8_M_eraseEPSt13_Rb_tree_nodeISD_E
FN:1649,_ZNSt8_Rb_treeINSt7__cxx1112basic_stringIcSt11char_traitsIcESaIcEEESt4pairIKS5_NS0_4listIP6entitySaISA_EEEESt10_Select1stISD_ESt4lessIS5_ESaISD_EE14_M_lower_boundEPSt13_Rb_tree_nodeISD_EPSt18_Rb_tree_node_baseRS7_
FN:1826,_ZNSt8_Rb_treeINSt7__cxx1112basic_stringIcSt11char_traitsIcESaIcEEESt4pairIKS5_NS0_4listIP6entitySaISA_EEEESt10_Select1stISD_ESt4lessIS5_ESaISD_EE24_M_get_insert_unique_posERS7_
FN:1928,_ZNSt8_Rb_treeINSt7__cxx1112basic_stringIcSt11char_traitsIcESaIcEEESt4pairIKS5_NS0_4listIP6entitySaISA_EEEESt10_Select1stISD_ESt4lessIS5_ESaISD_EE29_M_get_insert_hint_unique_posESt23_Rb_tree_const_iteratorISD_ERS7_
FN:2095,_ZNSt8_Rb_treeINSt7__cxx1112basic_stringIcSt11char_traitsIcESaIcEEESt4pairIKS5_NS0_4listIP6entitySaISA_EEEESt10_Select1stISD_ESt4lessIS5_ESaISD_EE14_M_insert_nodeEPSt18_Rb_tree_node_baseSL_PSt13_Rb_tree_nodeISD_E
FN:2193,_ZNSt8_Rb_treeINSt7__cxx1112basic_stringIcSt11char_traitsIcESaIcEEESt4pairIKS5_NS0_4listIP6entitySaISA_EEEESt10_Select1stISD_ESt4lessIS5_ESaISD_EE22_M_emplace_hint_uniqueIJRKSt21piecewise_construct_tSt5tupleIJRS7_EESO_IJEEEEESt17_Rb_tree_iteratorISD_ESt23_Rb_tree_const_iteratorISD_EDpOT_
FNDA:0,_ZNSt18_Rb_tree_node_baseC2Ev
FNDA:6,_ZNSt13_Rb_tree_nodeISt4pairIKNSt7__cxx1112basic_stringIcSt11char_traitsIcESaIcEEENS1_4listIP6entitySaISA_EEEEEC2Ev
FNDA:430634,_ZNSt13_Rb_tree_nodeISt4pairIKNSt7__cxx1112basic_stringIcSt11char_traitsIcESaIcEEENS1_4listIP6entitySaISA_EEEEE9_M_valptrEv
FNDA:272974,_ZNKSt13_Rb_tree_nodeISt4pairIKNSt7__cxx1112basic_stringIcSt11char_traitsIcESaIcEEENS1_4listIP6entitySaISA_EEEEE9_M_valptrEv
FNDA:432818,_ZNSt17_Rb_tree_iteratorISt4pairIKNSt7__cxx1112basic_stringIcSt11char_traitsIcESaIcEEENS1_4listIP6entitySaISA_EEEEEC2EPSt18_Rb_tree_node_base
FNDA:428450,_ZNKSt17_Rb_tree_iteratorISt4pairIKNSt7__cxx1112basic_stringIcSt11char_traitsIcESaIcEEENS1_4listIP6entitySaISA_EEEEEdeEv
FNDA:2172,_ZNKSt17_Rb_tree_iteratorISt4pairIKNSt7__cxx1112basic_stringIcSt11char_traitsIcESaIcEEENS1_4listIP6entitySaISA_EEEEEptEv
FNDA:2172,_ZNSt17_Rb_tree_iteratorISt4pairIKNSt7__cxx1112basic_stringIcSt11char_traitsIcESaIcEEENS1_4listIP6entitySaISA_EEEEEppEv
FNDA:0,_ZNSt17_Rb_tree_iteratorISt4pairIKNSt7__cxx1112basic_stringIcSt11char_traitsIcESaIcEEENS1_4listIP6entitySaISA_EEEEEmmEv
FNDA:214231,_ZNKSt17_Rb_tree_iteratorISt4pairIKNSt7__cxx1112basic_stringIcSt11char_traitsIcESaIcEEENS1_4listIP6entitySaISA_EEEEEeqERKSE_
FNDA:3258,_ZNKSt17_Rb_tree_iteratorISt4pairIKNSt7__cxx1112basic_stringIcSt11char_traitsIcESaIcEEENS1_4listIP6entitySaISA_EEEEEneERKSE_
FNDA:6,_ZNSt23_Rb_tree_const_iteratorISt4pairIKNSt7__cxx1112basic_stringIcSt11char_traitsIcESaIcEEENS1_4listIP6entitySaISA_EEEEEC2ERKSt17_Rb_tree_iteratorISD_E
FNDA:6,_ZNKSt23_Rb_tree_const_iteratorISt4pairIKNSt7__cxx1112basic_stringIcSt11char_traitsIcESaIcEEENS1_4listIP6entitySaISA_EEEEE13_M_const_castEv
FNDA:24,_ZNSt8_Rb_treeINSt7__cxx1112basic_stringIcSt11char_traitsIcESaIcEEESt4pairIKS5_NS0_4listIP6entitySaISA_EEEESt10_Select1stISD_ESt4lessIS5_ESaISD_EE21_M_get_Node_allocatorEv
FNDA:6,_ZNSt8_Rb_treeINSt7__cxx1112basic_stringIcSt11char_traitsIcESaIcEEESt4pairIKS5_NS0_4listIP6entitySaISA_EEEESt10_Select1stISD_ESt4lessIS5_ESaISD_EE11_M_get_nodeEv
FNDA:6,_ZNSt8_Rb_treeINSt7__cxx1112basic_stringIcSt11char_traitsIcESaIcEEESt4pairIKS5_NS0_4listIP6entitySaISA_EEEESt10_Select1stISD_ESt4lessIS5_ESaISD_EE11_M_put_nodeEPSt13_Rb_tree_nodeISD_E
FNDA:6,_ZNSt8_Rb_treeINSt7__cxx1112basic_stringIcSt11char_traitsIcESaIcEEESt4pairIKS5_NS0_4listIP6entitySaISA_EEEESt10_Select1stISD_ESt4lessIS5_ESaISD_EE17_M_construct_nodeIJRKSt21piecewise_construct_tSt5tupleIJRS7_EESO_IJEEEEEvPSt13_Rb_tree_nodeISD_EDpOT_
FNDA:6,_ZNSt8_Rb_treeINSt7__cxx1112basic_stringIcSt11char_traitsIcESaIcEEESt4pairIKS5_NS0_4listIP6entitySaISA_EEEESt10_Select1stISD_ESt4lessIS5_ESaISD_EE14_M_create_nodeIJRKSt21piecewise_construct_tSt5tupleIJRS7_EESO_IJEEEEEPSt13_Rb_tree_nodeISD_EDpOT_
FNDA:6,_ZNSt8_Rb_treeINSt7__cxx1112basic_stringIcSt11char_traitsIcESaIcEEESt4pairIKS5_NS0_4listIP6entitySaISA_EEEESt10_Select1stISD_ESt4lessIS5_ESaISD_EE15_M_destroy_nodeEPSt13_Rb_tree_nodeISD_E
FNDA:6,_ZNSt8_Rb_treeINSt7__cxx1112basic_stringIcSt11char_traitsIcESaIcEEESt4pairIKS5_NS0_4listIP6entitySaISA_EEEESt10_Select1stISD_ESt4lessIS5_ESaISD_EE12_M_drop_nodeEPSt13_Rb_tree_nodeISD_E
FNDA:3,_ZNSt8_Rb_treeINSt7__cxx1112basic_stringIcSt11char_traitsIcESaIcEEESt4pairIKS5_NS0_4listIP6entitySaISA_EEEESt10_Select1stISD_ESt4lessIS5_ESaISD_EE13_Rb_tree_implISH_Lb1EED2Ev
FNDA:3,_ZNSt8_Rb_treeINSt7__cxx1112basic_stringIcSt11char_traitsIcESaIcEEESt4pairIKS5_NS0_4listIP6entitySaISA_EEEESt10_Select1stISD_ESt4lessIS5_ESaISD_EE13_Rb_tree_implISH_Lb1EEC2Ev
FNDA:3,_ZNSt8_Rb_treeINSt7__cxx1112basic_stringIcSt11char_traitsIcESaIcEEESt4pairIKS5_NS0_4listIP6entitySaISA_EEEESt10_Select1stISD_ESt4lessIS5_ESaISD_EE13_Rb_tree_implISH_Lb1EE13_M_initializeEv
FNDA:0,_ZNSt8_Rb_treeINSt7__cxx1112basic_stringIcSt11char_traitsIcESaIcEEESt4pairIKS5_NS0_4listIP6entitySaISA_EEEESt10_Select1stISD_ESt4lessIS5_ESaISD_EE11_M_leftmostEv
FNDA:6,_ZNSt8_Rb_treeINSt7__cxx1112basic_stringIcSt11char_traitsIcESaIcEEESt4pairIKS5_NS0_4listIP6entitySaISA_EEEESt10_Select1stISD_ESt4lessIS5_ESaISD_EE12_M_rightmostEv
FNDA:214234,_ZNSt8_Rb_treeINSt7__cxx1112basic_stringIcSt11char_traitsIcESaIcEEESt4pairIKS5_NS0_4listIP6entitySaISA_EEEESt10_Select1stISD_ESt4lessIS5_ESaISD_EE8_M_beginEv
FNDA:214243,_ZNSt8_Rb_treeINSt7__cxx1112basic_stringIcSt11char_traitsIcESaIcEEESt4pairIKS5_NS0_4listIP6entitySaISA_EEEESt10_Select1stISD_ESt4lessIS5_ESaISD_EE6_M_endEv
FNDA:272968,_ZNSt8_Rb_treeINSt7__cxx1112basic_stringIcSt11char_traitsIcESaIcEEESt4pairIKS5_NS0_4listIP6entitySaISA_EEEESt10_Select1stISD_ESt4lessIS5_ESaISD_EE8_S_valueEPKSt13_Rb_tree_nodeISD_E
FNDA:272968,_ZNSt8_Rb_treeINSt7__cxx1112basic_stringIcSt11char_traitsIcESaIcEEESt4pairIKS5_NS0_4listIP6entitySaISA_EEEESt10_Select1stISD_ESt4lessIS5_ESaISD_EE6_S_keyEPKSt13_Rb_tree_nodeISD_E
FNDA:214228,_ZNSt8_Rb_treeINSt7__cxx1112basic_stringIcSt11char_traitsIcESaIcEEESt4pairIKS5_NS0_4listIP6entitySaISA_EEEESt10_Select1stISD_ESt4lessIS5_ESaISD_EE7_S_leftEPSt18_Rb_tree_node_base
FNDA:58743,_ZNSt8_Rb_treeINSt7__cxx1112basic_stringIcSt11char_traitsIcESaIcEEESt4pairIKS5_NS0_4listIP6entitySaISA_EEEESt10_Select1stISD_ESt4lessIS5_ESaISD_EE8_S_rightEPSt18_Rb_tree_node_base
FNDA:6,_ZNSt8_Rb_treeINSt7__cxx1112basic_stringIcSt11char_traitsIcESaIcEEESt4pairIKS5_NS0_4listIP6entitySaISA_EEEESt10_Select1stISD_ESt4lessIS5_ESaISD_EE8_S_valueEPKSt18_Rb_tree_node_base
FNDA:6,_ZNSt8_Rb_treeINSt7__cxx1112basic_stringIcSt11char_traitsIcESaIcEEESt4pairIKS5_NS0_4listIP6entitySaISA_EEEESt10_Select1stISD_ESt4lessIS5_ESaISD_EE6_S_keyEPKSt18_Rb_tree_node_base
FNDA:3,_ZNSt8_Rb_treeINSt7__cxx1112basic_stringIcSt11char_traitsIcESaIcEEESt4pairIKS5_NS0_4listIP6entitySaISA_EEEESt10_Select1stISD_ESt4lessIS5_ESaISD_EEC2Ev
FNDA:3,_ZNSt8_Rb_treeINSt7__cxx1112basic_stringIcSt11char_traitsIcESaIcEEESt4pairIKS5_NS0_4listIP6entitySaISA_EEEESt10_Select1stISD_ESt4lessIS5_ESaISD_EED2Ev
FNDA:214222,_ZNKSt8_Rb_treeINSt7__cxx1112basic_stringIcSt11char_traitsIcESaIcEEESt4pairIKS5_NS0_4listIP6entitySaISA_EEEESt10_Select1stISD_ESt4lessIS5_ESaISD_EE8key_compEv
FNDA:1089,_ZNSt8_Rb_treeINSt7__cxx1112basic_stringIcSt11char_traitsIcESaIcEEESt4pairIKS5_NS0_4listIP6entitySaISA_EEEESt10_Select1stISD_ESt4lessIS5_ESaISD_EE5beginEv
FNDA:217486,_ZNSt8_Rb_treeINSt7__cxx1112basic_stringIcSt11char_traitsIcESaIcEEESt4pairIKS5_NS0_4listIP6entitySaISA_EEEESt10_Select1stISD_ESt4lessIS5_ESaISD_EE3endEv
FNDA:6,_ZNKSt8_Rb_treeINSt7__cxx1112basic_stringIcSt11char_traitsIcESaIcEEESt4pairIKS5_NS0_4listIP6entitySaISA_EEEESt10_Select1stISD_ESt4lessIS5_ESaISD_EE4sizeEv
FNDA:214228,_ZNSt8_Rb_treeINSt7__cxx1112basic_stringIcSt11char_traitsIcESaIcEEESt4pairIKS5_NS0_4listIP6entitySaISA_EEEESt10_Select1stISD_ESt4lessIS5_ESaISD_EE11lower_boundERS7_
FNDA:9,_ZNSt8_Rb_treeINSt7__cxx1112basic_stringIcSt11char_traitsIcESaIcEEESt4pairIKS5_NS0_4listIP6entitySaISA_EEEESt10_Select1stISD_ESt4lessIS5_ESaISD_EE8_M_eraseEPSt13_Rb_tree_nodeISD_E
FNDA:214228,_ZNSt8_Rb_treeINSt7__cxx1112basic_stringIcSt11char_traitsIcESaIcEEESt4pairIKS5_NS0_4listIP6entitySaISA_EEEESt10_Select1stISD_ESt4lessIS5_ESaISD_EE14_M_lower_boundEPSt13_Rb_tree_nodeISD_EPSt18_Rb_tree_node_baseRS7_
FNDA:3,_ZNSt8_Rb_treeINSt7__cxx1112basic_stringIcSt11char_traitsIcESaIcEEESt4pairIKS5_NS0_4listIP6entitySaISA_EEEESt10_Select1stISD_ESt4lessIS5_ESaISD_EE24_M_get_insert_unique_posERS7_
FNDA:6,_ZNSt8_Rb_treeINSt7__cxx1112basic_stringIcSt11char_traitsIcESaIcEEESt4pairIKS5_NS0_4listIP6entitySaISA_EEEESt10_Select1stISD_ESt4lessIS5_ESaISD_EE29_M_get_insert_hint_unique_posESt23_Rb_tree_const_iteratorISD_ERS7_
FNDA:6,_ZNSt8_Rb_treeINSt7__cxx1112basic_stringIcSt11char_traitsIcESaIcEEESt4pairIKS5_NS0_4listIP6entitySaISA_EEEESt10_Select1stISD_ESt4lessIS5_ESaISD_EE14_M_insert_nodeEPSt18_Rb_tree_node_baseSL_PSt13_Rb_tree_nodeISD_E
FNDA:6,_ZNSt8_Rb_treeINSt7__cxx1112basic_stringIcSt11char_traitsIcESaIcEEESt4pairIKS5_NS0_4listIP6entitySaISA_EEEESt10_Select1stISD_ESt4lessIS5_ESaISD_EE22_M_emplace_hint_uniqueIJRKSt21piecewise_construct_tSt5tupleIJRS7_EESO_IJEEEEESt17_Rb_tree_iteratorISD_ESt23_Rb_tree_const_iteratorISD_EDpOT_
FNF:46
FNH:43
DA:98,0
DA:138,6
DA:156,430634
DA:157,430634
DA:160,272974
DA:161,272974
DA:195,432818
DA:196,432818
DA:199,428450
DA:200,428450
DA:203,2172
DA:204,2172
DA:207,2172
DA:209,2172
DA:210,2172
DA:222,0
DA:224,0
DA:225,0
DA:237,214231
DA:238,214231
DA:241,3258
DA:242,3258
DA:270,6
DA:271,6
DA:274,6
DA:275,6
DA:491,24
DA:492,24
DA:504,6
DA:505,6
DA:508,6
DA:509,6
DA:538,6
DA:542,6
DA:543,6
DA:547,0
DA:550,0
DA:551,0
DA:553,6
DA:557,6
DA:559,6
DA:560,6
DA:561,6
DA:565,6
DA:567,6
DA:569,6
DA:573,6
DA:575,6
DA:576,6
DA:577,6
DA:594,3
DA:600,3
DA:602,3
DA:603,3
DA:628,3
DA:630,3
DA:631,3
DA:632,3
DA:633,3
DA:634,3
DA:649,0
DA:650,0
DA:657,6
DA:658,6
DA:665,214234
DA:666,214234
DA:676,214243
DA:677,214243
DA:684,272968
DA:685,272968
DA:688,272968
DA:689,272968
DA:692,214228
DA:693,214228
DA:700,58743
DA:701,58743
DA:708,6
DA:709,6
DA:712,6
DA:713,6
DA:821,3
DA:872,3
DA:873,3
DA:880,214222
DA:881,214222
DA:884,1089
DA:885,1089
DA:892,217486
DA:893,217486
DA:920,6
DA:921,6
DA:1102,214228
DA:1103,214228
DA:1632,15
DA:1636,21
DA:1638,6
DA:1639,6
DA:1640,6
DA:1641,6
DA:1643,9
DA:1649,487187
DA:1653,760146
DA:1654,272959
DA:1655,214222
DA:1657,58737
DA:1658,214228
DA:1826,3
DA:1830,3
DA:1831,3
DA:1832,3
DA:1833,3
DA:1835,0
DA:1836,0
DA:1837,0
DA:1839,3
DA:1840,3
DA:1842,3
DA:1843,3
DA:1845,0
DA:1847,0
DA:1848,0
DA:1849,0
DA:1928,6
DA:1932,6
DA:1936,6
DA:1938,12
DA:1939,6
DA:1940,3
DA:1942,3
DA:1944,0
DA:1947,0
DA:1948,0
DA:1949,0
DA:1950,0
DA:1952,0
DA:1953,0
DA:1955,0
DA:1958,0
DA:1960,0
DA:1963,0
DA:1964,0
DA:1965,0
DA:1966,0
DA:1968,0
DA:1969,0
DA:1971,0
DA:1974,0
DA:1978,0
DA:2095,6
DA:2098,6
DA:2099,9
DA:2100,6
DA:2102,6
DA:2104,6
DA:2105,6
DA:2193,6
DA:2196,6
DA:2200,6
DA:2202,6
DA:2203,6
DA:2205,0
DA:2206,0
DA:2208,0
DA:2210,0
DA:2211,0
LF:165
LH:125
end_of_record
SF:/usr/include/c++/6/bits/stl_uninitialized.h
FN:91,_ZNSt20__uninitialized_copyILb1EE13__uninit_copyISt13move_iteratorIPP6entityES5_EET0_T_S8_S7_
FN:107,_ZSt18uninitialized_copyISt13move_iteratorIPP6entityES3_ET0_T_S6_S5_
FN:279,_ZSt22__uninitialized_copy_aISt13move_iteratorIPP6entityES3_S2_ET0_T_S6_S5_RSaIT1_E
FN:297,_ZSt34__uninitialized_move_if_noexcept_aIPP6entityS2_SaIS1_EET0_T_S5_S4_RT1_
FNDA:10,_ZNSt20__uninitialized_copyILb1EE13__uninit_copyISt13move_iteratorIPP6entityES5_EET0_T_S8_S7_
FNDA:10,_ZSt18uninitialized_copyISt13move_iteratorIPP6entityES3_ET0_T_S6_S5_
FNDA:10,_ZSt22__uninitialized_copy_aISt13move_iteratorIPP6entityES3_S2_ET0_T_S6_S5_RSaIT1_E
FNDA:10,_ZSt34__uninitialized_move_if_noexcept_aIPP6entityS2_SaIS1_EET0_T_S5_S4_RT1_
FNF:4
FNH:4
DA:91,10
DA:93,10
DA:107,10
DA:120,10
DA:126,10
DA:279,10
DA:281,10
DA:297,10
DA:303,10
DA:304,10
LF:10
LH:10
end_of_record
SF:/usr/include/c++/6/bits/stl_vector.h
FN:79,_ZNSt12_Vector_baseIP6entitySaIS1_EE12_Vector_implD2Ev
FN:86,_ZNSt12_Vector_baseIP6entitySaIS1_EE12_Vector_implC2Ev
FN:113,_ZNSt12_Vector_baseIP6entitySaIS1_EE19_M_get_Tp_allocatorEv
FN:117,_ZNKSt12_Vector_baseIP6entitySaIS1_EE19_M_get_Tp_allocatorEv
FN:124,_ZNSt12_Vector_baseIP6entitySaIS1_EEC2Ev
FN:159,_ZNSt12_Vector_baseIP6entitySaIS1_EED2Ev
FN:167,_ZNSt12_Vector_baseIP6entitySaIS1_EE11_M_allocateEm
FN:174,_ZNSt12_Vector_baseIP6entitySaIS1_EE13_M_deallocateEPS1_m
FN:255,_ZNSt6vectorIP6entitySaIS1_EEC2Ev
FN:425,_ZNSt6vectorIP6entitySaIS1_EED2Ev
FN:548,_ZNSt6vectorIP6entitySaIS1_EE5beginEv
FN:557,_ZNKSt6vectorIP6entitySaIS1_EE5beginEv
FN:566,_ZNSt6vectorIP6entitySaIS1_EE3endEv
FN:575,_ZNKSt6vectorIP6entitySaIS1_EE3endEv
FN:655,_ZNKSt6vectorIP6entitySaIS1_EE4sizeEv
FN:660,_ZNKSt6vectorIP6entitySaIS1_EE8max_sizeEv
FN:744,_ZNKSt6vectorIP6entitySaIS1_EE5emptyEv
FN:868,_ZNSt6vectorIP6entitySaIS1_EE4backEv
FN:914,_ZNSt6vectorIP6entitySaIS1_EE9push_backERKS1_
FN:950,_ZNSt6vectorIP6entitySaIS1_EE8pop_backEv
FN:1420,_ZNKSt6vectorIP6entitySaIS1_EE12_M_check_lenEmPKc
FNDA:3,_ZNSt12_Vector_baseIP6entitySaIS1_EE12_Vector_implD2Ev
FNDA:3,_ZNSt12_Vector_baseIP6entitySaIS1_EE12_Vector_implC2Ev
FNDA:23,_ZNSt12_Vector_baseIP6entitySaIS1_EE19_M_get_Tp_allocatorEv
FNDA:20,_ZNKSt12_Vector_baseIP6entitySaIS1_EE19_M_get_Tp_allocatorEv
FNDA:3,_ZNSt12_Vector_baseIP6entitySaIS1_EEC2Ev
FNDA:3,_ZNSt12_Vector_baseIP6entitySaIS1_EED2Ev
FNDA:10,_ZNSt12_Vector_baseIP6entitySaIS1_EE11_M_allocateEm
FNDA:13,_ZNSt12_Vector_baseIP6entitySaIS1_EE13_M_deallocateEPS1_m
FNDA:3,_ZNSt6vectorIP6entitySaIS1_EEC2Ev
FNDA:3,_ZNSt6vectorIP6entitySaIS1_EED2Ev
FNDA:1088,_ZNSt6vectorIP6entitySaIS1_EE5beginEv
FNDA:4230,_ZNKSt6vectorIP6entitySaIS1_EE5beginEv
FNDA:6520,_ZNSt6vectorIP6entitySaIS1_EE3endEv
FNDA:4230,_ZNKSt6vectorIP6entitySaIS1_EE3endEv
FNDA:50,_ZNKSt6vectorIP6entitySaIS1_EE4sizeEv
FNDA:20,_ZNKSt6vectorIP6entitySaIS1_EE8max_sizeEv
FNDA:4230,_ZNKSt6vectorIP6entitySaIS1_EE5emptyEv
FNDA:4344,_ZNSt6vectorIP6entitySaIS1_EE4backEv
FNDA:1086,_ZNSt6vectorIP6entitySaIS1_EE9push_backERKS1_
FNDA:1086,_ZNSt6vectorIP6entitySaIS1_EE8pop_backEv
FNDA:10,_ZNKSt6vectorIP6entitySaIS1_EE12_M_check_lenEmPKc
FNF:21
FNH:21
DA:79,3
DA:86,3
DA:87,3
DA:88,3
DA:113,23
DA:114,23
DA:117,20
DA:118,20
DA:124,3
DA:125,3
DA:159,3
DA:160,6
DA:161,6
DA:167,10
DA:170,10
DA:174,13
DA:177,13
DA:178,10
DA:179,13
DA:255,3
DA:259,3
DA:425,3
DA:426,3
DA:427,6
DA:548,1088
DA:549,1088
DA:557,4230
DA:558,4230
DA:566,6520
DA:567,6520
DA:575,4230
DA:576,4230
DA:655,50
DA:656,50
DA:660,20
DA:661,20
DA:744,4230
DA:745,4230
DA:868,4344
DA:869,4344
DA:914,1086
DA:916,1086
DA:918,1076
DA:920,1076
DA:924,10
DA:928,1086
DA:950,1086
DA:952,1086
DA:953,1086
DA:954,1086
DA:1420,10
DA:1422,10
DA:1423,0
DA:1425,10
DA:1426,10
LF:55
LH:54
end_of_record
SF:/usr/include/c++/6/bits/vector.tcc
FN:407,_ZNSt6vectorIP6entitySaIS1_EE19_M_emplace_back_auxIJRKS1_EEEvDpOT_
FNDA:10,_ZNSt6vectorIP6entitySaIS1_EE19_M_emplace_back_auxIJRKS1_EEEvDpOT_
FNF:1
FNH:1
DA:407,10
DA:411,10
DA:412,10
DA:413,10
DA:416,10
DA:418,10
DA:420,10
DA:422,10
DA:423,10
DA:425,10
DA:427,0
DA:429,0
DA:430,0
DA:432,0
DA:433,0
DA:434,0
DA:436,10
DA:437,10
DA:438,10
DA:439,10
DA:440,10
DA:441,10
DA:442,10
DA:443,10
DA:444,10
LF:25
LH:19
end_of_record
SF:/usr/include/c++/6/ext/aligned_buffer.h
FN:56,_ZN9__gnu_cxx16__aligned_membufISt4pairIKNSt7__cxx1112basic_stringIcSt11char_traitsIcESaIcEEENS2_4listIP6entitySaISB_EEEEEC2Ev
FN:62,_ZN9__gnu_cxx16__aligned_membufImE7_M_addrEv
FN:62,_ZN9__gnu_cxx16__aligned_membufISt8functionIFvvEEE7_M_addrEv
FN:62,_ZN9__gnu_cxx16__aligned_membufIP9attributeE7_M_addrEv
FN:62,_ZN9__gnu_cxx16__aligned_membufIP6entityE7_M_addrEv
FN:62,_ZN9__gnu_cxx16__aligned_membufISt4pairIKNSt7__cxx1112basic_stringIcSt11char_traitsIcESaIcEEENS2_4listIP6entitySaISB_EEEEE7_M_addrEv
FN:66,_ZNK9__gnu_cxx16__aligned_membufISt4pairIKNSt7__cxx1112basic_stringIcSt11char_traitsIcESaIcEEENS2_4listIP6entitySaISB_EEEEE7_M_addrEv
FN:70,_ZN9__gnu_cxx16__aligned_membufImE6_M_ptrEv
FN:70,_ZN9__gnu_cxx16__aligned_membufIP6entityE6_M_ptrEv
FN:70,_ZN9__gnu_cxx16__aligned_membufISt8functionIFvvEEE6_M_ptrEv
FN:70,_ZN9__gnu_cxx16__aligned_membufIP9attributeE6_M_ptrEv
FN:70,_ZN9__gnu_cxx16__aligned_membufISt4pairIKNSt7__cxx1112basic_stringIcSt11char_traitsIcESaIcEEENS2_4listIP6entitySaISB_EEEEE6_M_ptrEv
FN:74,_ZNK9__gnu_cxx16__aligned_membufISt4pairIKNSt7__cxx1112basic_stringIcSt11char_traitsIcESaIcEEENS2_4listIP6entitySaISB_EEEEE6_M_ptrEv
FNDA:6,_ZN9__gnu_cxx16__aligned_membufISt4pairIKNSt7__cxx1112basic_stringIcSt11char_traitsIcESaIcEEENS2_4listIP6entitySaISB_EEEEEC2Ev
FNDA:0,_ZN9__gnu_cxx16__aligned_membufImE7_M_addrEv
FNDA:0,_ZN9__gnu_cxx16__aligned_membufIP9attributeE7_M_addrEv
FNDA:430634,_ZN9__gnu_cxx16__aligned_membufISt4pairIKNSt7__cxx1112basic_stringIcSt11char_traitsIcESaIcEEENS2_4listIP6entitySaISB_EEEEE7_M_addrEv
FNDA:9450,_ZN9__gnu_cxx16__aligned_membufISt8functionIFvvEEE7_M_addrEv
FNDA:1867051,_ZN9__gnu_cxx16__aligned_membufIP6entityE7_M_addrEv
FNDA:272974,_ZNK9__gnu_cxx16__aligned_membufISt4pairIKNSt7__cxx1112basic_stringIcSt11char_traitsIcESaIcEEENS2_4listIP6entitySaISB_EEEEE7_M_addrEv
FNDA:0,_ZN9__gnu_cxx16__aligned_membufImE6_M_ptrEv
FNDA:0,_ZN9__gnu_cxx16__aligned_membufIP9attributeE6_M_ptrEv
FNDA:430634,_ZN9__gnu_cxx16__aligned_membufISt4pairIKNSt7__cxx1112basic_stringIcSt11char_traitsIcESaIcEEENS2_4listIP6entitySaISB_EEEEE6_M_ptrEv
FNDA:9450,_ZN9__gnu_cxx16__aligned_membufISt8functionIFvvEEE6_M_ptrEv
FNDA:1867051,_ZN9__gnu_cxx16__aligned_membufIP6entityE6_M_ptrEv
FNDA:272974,_ZNK9__gnu_cxx16__aligned_membufISt4pairIKNSt7__cxx1112basic_stringIcSt11char_traitsIcESaIcEEENS2_4listIP6entitySaISB_EEEEE6_M_ptrEv
FNF:13
FNH:9
DA:56,6
DA:62,2307135
DA:63,2307135
DA:66,272974
DA:67,272974
DA:70,2307135
DA:71,2307135
DA:74,272974
DA:75,272974
LF:9
LH:9
end_of_record
SF:/usr/include/c++/6/ext/new_allocator.h
FN:79,_ZN9__gnu_cxx13new_allocatorIP6entityEC2Ev
FN:79,_ZN9__gnu_cxx13new_allocatorISt13_Rb_tree_nodeISt4pairIKNSt7__cxx1112basic_stringIcSt11char_traitsIcESaIcEEENS3_4listIP6entitySaISC_EEEEEEC2Ev
FN:79,_ZN9__gnu_cxx13new_allocatorISt10_List_nodeISt8functionIFvvEEEEC2Ev
FN:79,_ZN9__gnu_cxx13new_allocatorISt10_List_nodeIP6entityEEC2Ev
FN:86,_ZN9__gnu_cxx13new_allocatorISt13_Rb_tree_nodeISt4pairIKNSt7__cxx1112basic_stringIcSt11char_traitsIcESaIcEEENS3_4listIP6entitySaISC_EEEEEED2Ev
FN:86,_ZN9__gnu_cxx13new_allocatorISt10_List_nodeISt8functionIFvvEEEED2Ev
FN:86,_ZN9__gnu_cxx13new_allocatorISt10_List_nodeIP6entityEED2Ev
FN:86,_ZN9__gnu_cxx13new_allocatorIP6entityED2Ev
FN:99,_ZN9__gnu_cxx13new_allocatorISt10_List_nodeIP6entityEE8allocateEmPKv
FN:99,_ZN9__gnu_cxx13new_allocatorISt10_List_nodeISt8functionIFvvEEEE8allocateEmPKv
FN:99,_ZN9__gnu_cxx13new_allocatorISt13_Rb_tree_nodeISt4pairIKNSt7__cxx1112basic_stringIcSt11char_traitsIcESaIcEEENS3_4listIP6entitySaISC_EEEEEE8allocateEmPKv
FN:99,_ZN9__gnu_cxx13new_allocatorIP6entityE8allocateEmPKv
FN:109,_ZN9__gnu_cxx13new_allocatorIP6entityE10deallocateEPS2_m
FN:109,_ZN9__gnu_cxx13new_allocatorISt10_List_nodeIP6entityEE10deallocateEPS4_m
FN:109,_ZN9__gnu_cxx13new_allocatorISt13_Rb_tree_nodeISt4pairIKNSt7__cxx1112basic_stringIcSt11char_traitsIcESaIcEEENS3_4listIP6entitySaISC_EEEEEE10deallocateEPSG_m
FN:109,_ZN9__gnu_cxx13new_allocatorISt10_List_nodeISt8functionIFvvEEEE10deallocateEPS5_m
FN:113,_ZNK9__gnu_cxx13new_allocatorISt10_List_nodeIP6entityEE8max_sizeEv
FN:113,_ZNK9__gnu_cxx13new_allocatorIP6entityE8max_sizeEv
FN:113,_ZNK9__gnu_cxx13new_allocatorISt10_List_nodeISt8functionIFvvEEEE8max_sizeEv
FN:113,_ZNK9__gnu_cxx13new_allocatorISt13_Rb_tree_nodeISt4pairIKNSt7__cxx1112basic_stringIcSt11char_traitsIcESaIcEEENS3_4listIP6entitySaISC_EEEEEE8max_sizeEv
FN:119,_ZN9__gnu_cxx13new_allocatorIP6entityE9constructIS2_JRKS2_EEEvPT_DpOT0_
FN:119,_ZN9__gnu_cxx13new_allocatorISt10_List_nodeISt8functionIFvvEEEE9constructIS4_JRKS4_EEEvPT_DpOT0_
FN:119,_ZN9__gnu_cxx13new_allocatorISt13_Rb_tree_nodeISt4pairIKNSt7__cxx1112basic_stringIcSt11char_traitsIcESaIcEEENS3_4listIP6entitySaISC_EEEEEE9constructISF_JRKSt21piecewise_construct_tSt5tupleIJRS9_EESM_IJEEEEEvPT_DpOT0_
FN:119,_ZN9__gnu_cxx13new_allocatorISt10_List_nodeIP6entityEE9constructIS3_JRKS3_EEEvPT_DpOT0_
FN:124,_ZN9__gnu_cxx13new_allocatorISt10_List_nodeIP6entityEE7destroyIS3_EEvPT_
FN:124,_ZN9__gnu_cxx13new_allocatorIP6entityE7destroyIS2_EEvPT_
FN:124,_ZN9__gnu_cxx13new_allocatorISt10_List_nodeISt8functionIFvvEEEE7destroyIS4_EEvPT_
FN:124,_ZN9__gnu_cxx13new_allocatorISt13_Rb_tree_nodeISt4pairIKNSt7__cxx1112basic_stringIcSt11char_traitsIcESaIcEEENS3_4listIP6entitySaISC_EEEEEE7destroyISF_EEvPT_
FNDA:3,_ZN9__gnu_cxx13new_allocatorISt10_List_nodeISt8functionIFvvEEEEC2Ev
FNDA:3,_ZN9__gnu_cxx13new_allocatorIP6entityEC2Ev
FNDA:30,_ZN9__gnu_cxx13new_allocatorISt10_List_nodeIP6entityEEC2Ev
FNDA:3,_ZN9__gnu_cxx13new_allocatorISt13_Rb_tree_nodeISt4pairIKNSt7__cxx1112basic_stringIcSt11char_traitsIcESaIcEEENS3_4listIP6entitySaISC_EEEEEEC2Ev
FNDA:3,_ZN9__gnu_cxx13new_allocatorIP6entityED2Ev
FNDA:3,_ZN9__gnu_cxx13new_allocatorISt10_List_nodeISt8functionIFvvEEEED2Ev
FNDA:2235,_ZN9__gnu_cxx13new_allocatorISt10_List_nodeIP6entityEED2Ev
FNDA:3,_ZN9__gnu_cxx13new_allocatorISt13_Rb_tree_nodeISt4pairIKNSt7__cxx1112basic_stringIcSt11char_traitsIcESaIcEEENS3_4listIP6entitySaISC_EEEEEED2Ev
FNDA:9,_ZN9__gnu_cxx13new_allocatorISt10_List_nodeISt8functionIFvvEEEE8allocateEmPKv
FNDA:6,_ZN9__gnu_cxx13new_allocatorISt13_Rb_tree_nodeISt4pairIKNSt7__cxx1112basic_stringIcSt11char_traitsIcESaIcEEENS3_4listIP6entitySaISC_EEEEEE8allocateEmPKv
FNDA:3414,_ZN9__gnu_cxx13new_allocatorISt10_List_nodeIP6entityEE8allocateEmPKv
FNDA:10,_ZN9__gnu_cxx13new_allocatorIP6entityE8allocateEmPKv
FNDA:6,_ZN9__gnu_cxx13new_allocatorISt13_Rb_tree_nodeISt4pairIKNSt7__cxx1112basic_stringIcSt11char_traitsIcESaIcEEENS3_4listIP6entitySaISC_EEEEEE10deallocateEPSG_m
FNDA:9,_ZN9__gnu_cxx13new_allocatorISt10_List_nodeISt8functionIFvvEEEE10deallocateEPS5_m
FNDA:10,_ZN9__gnu_cxx13new_allocatorIP6entityE10deallocateEPS2_m
FNDA:3360,_ZN9__gnu_cxx13new_allocatorISt10_List_nodeIP6entityEE10deallocateEPS4_m
FNDA:9,_ZNK9__gnu_cxx13new_allocatorISt10_List_nodeISt8functionIFvvEEEE8max_sizeEv
FNDA:6,_ZNK9__gnu_cxx13new_allocatorISt13_Rb_tree_nodeISt4pairIKNSt7__cxx1112basic_stringIcSt11char_traitsIcESaIcEEENS3_4listIP6entitySaISC_EEEEEE8max_sizeEv
FNDA:3414,_ZNK9__gnu_cxx13new_allocatorISt10_List_nodeIP6entityEE8max_sizeEv
FNDA:30,_ZNK9__gnu_cxx13new_allocatorIP6entityE8max_sizeEv
FNDA:6,_ZN9__gnu_cxx13new_allocatorISt13_Rb_tree_nodeISt4pairIKNSt7__cxx1112basic_stringIcSt11char_traitsIcESaIcEEENS3_4listIP6entitySaISC_EEEEEE9constructISF_JRKSt21piecewise_construct_tSt5tupleIJRS9_EESM_IJEEEEEvPT_DpOT0_
FNDA:9,_ZN9__gnu_cxx13new_allocatorISt10_List_nodeISt8functionIFvvEEEE9constructIS4_JRKS4_EEEvPT_DpOT0_
FNDA:3414,_ZN9__gnu_cxx13new_allocatorISt10_List_nodeIP6entityEE9constructIS3_JRKS3_EEEvPT_DpOT0_
FNDA:1086,_ZN9__gnu_cxx13new_allocatorIP6entityE9constructIS2_JRKS2_EEEvPT_DpOT0_
FNDA:6,_ZN9__gnu_cxx13new_allocatorISt13_Rb_tree_nodeISt4pairIKNSt7__cxx1112basic_stringIcSt11char_traitsIcESaIcEEENS3_4listIP6entitySaISC_EEEEEE7destroyISF_EEvPT_
FNDA:9,_ZN9__gnu_cxx13new_allocatorISt10_List_nodeISt8functionIFvvEEEE7destroyIS4_EEvPT_
FNDA:3360,_ZN9__gnu_cxx13new_allocatorISt10_List_nodeIP6entityEE7destroyIS3_EEvPT_
FNDA:1086,_ZN9__gnu_cxx13new_allocatorIP6entityE7destroyIS2_EEvPT_
FNF:28
FNH:28
DA:79,39
DA:86,2244
DA:99,3439
DA:101,3439
DA:102,0
DA:104,3439
DA:109,3385
DA:110,3385
DA:113,3459
DA:114,3459
DA:119,4515
DA:120,4515
DA:124,4461
LF:13
LH:12
end_of_record
SF:/usr/include/c++/6/functional
FN:525,_ZNSt31_Maybe_unary_or_binary_functionIvJEEC2Ev
FN:1685,_ZNSt14_Function_baseC2Ev
FN:1687,_ZNSt14_Function_baseD2Ev
FN:1694,_ZNKSt14_Function_base8_M_emptyEv
FN:1834,_ZNSt8functionIFvvEED2Ev
FN:2042,_ZNKSt8functionIFvvEEcvbEv
FN:2092,_ZNSt8functionIFvvEEC2ERKS1_
FN:2122,_ZNKSt8functionIFvvEEclEv
FNDA:0,_ZNSt31_Maybe_unary_or_binary_functionIvJEEC2Ev
FNDA:0,_ZNSt14_Function_baseC2Ev
FNDA:0,_ZNSt14_Function_baseD2Ev
FNDA:0,_ZNKSt14_Function_base8_M_emptyEv
FNDA:0,_ZNSt8functionIFvvEED2Ev
FNDA:0,_ZNKSt8functionIFvvEEcvbEv
FNDA:0,_ZNSt8functionIFvvEEC2ERKS1_
FNDA:9432,_ZNKSt8functionIFvvEEclEv
FNF:8
FNH:1
DA:525,0
DA:1685,0
DA:1687,0
DA:1688,0
DA:1689,0
DA:1690,0
DA:1691,0
DA:1694,0
DA:1834,0
DA:2042,0
DA:2043,0
DA:2092,0
DA:2094,0
DA:2096,0
DA:2098,0
DA:2099,0
DA:2100,0
DA:2102,0
DA:2122,9432
DA:2125,9432
DA:2126,0
DA:2127,9432
LF:22
LH:3
end_of_record
SF:/usr/include/c++/6/new
FN:146,_ZnwmPv
FN:152,_ZdlPvS_
FNDA:0,_ZnwmPv
FNDA:0,_ZdlPvS_
FNF:2
FNH:0
DA:146,0
DA:147,0
DA:152,0
LF:3
LH:0
end_of_record
SF:/usr/include/c++/6/tuple
FN:107,_ZNSt10_Head_baseILm0ERKNSt7__cxx1112basic_stringIcSt11char_traitsIcESaIcEEELb0EEC2ES7_
FN:142,_ZNSt10_Head_baseILm0ERKNSt7__cxx1112basic_stringIcSt11char_traitsIcESaIcEEELb0EE7_M_headERS8_
FN:346,_ZNSt11_Tuple_implILm0EJRKNSt7__cxx1112basic_stringIcSt11char_traitsIcESaIcEEEEE7_M_headERS8_
FN:355,_ZNSt11_Tuple_implILm0EJRKNSt7__cxx1112basic_stringIcSt11char_traitsIcESaIcEEEEEC2ES7_
FN:366,_ZNSt11_Tuple_implILm0EJRKNSt7__cxx1112basic_stringIcSt11char_traitsIcESaIcEEEEEC2EOS8_
FN:606,_ZNSt5tupleIJRKNSt7__cxx1112basic_stringIcSt11char_traitsIcESaIcEEEEEC2IvLb1EEES7_
FN:654,_ZNSt5tupleIJRKNSt7__cxx1112basic_stringIcSt11char_traitsIcESaIcEEEEEC2EOS8_
FN:1247,_ZSt12__get_helperILm0ERKNSt7__cxx1112basic_stringIcSt11char_traitsIcESaIcEEEJEERT0_RSt11_Tuple_implIXT_EJS8_DpT1_EE
FN:1258,_ZSt3getILm0EJRKNSt7__cxx1112basic_stringIcSt11char_traitsIcESaIcEEEEERNSt13tuple_elementIXT_ESt5tupleIJDpT0_EEE4typeERSC_
FN:1574,_ZNSt4pairIKNSt7__cxx1112basic_stringIcSt11char_traitsIcESaIcEEENS0_4listIP6entitySaIS9_EEEEC2IJRS6_EJEEESt21piecewise_construct_tSt5tupleIJDpT_EESG_IJDpT0_EE
FN:1586,_ZNSt4pairIKNSt7__cxx1112basic_stringIcSt11char_traitsIcESaIcEEENS0_4listIP6entitySaIS9_EEEEC2IJRS6_EJLm0EEJEJEEERSt5tupleIJDpT_EERSF_IJDpT1_EESt12_Index_tupleIJXspT0_EEESO_IJXspT2_EEE
FNDA:0,_ZNSt10_Head_baseILm0ERKNSt7__cxx1112basic_stringIcSt11char_traitsIcESaIcEEELb0EEC2ES7_
FNDA:0,_ZNSt10_Head_baseILm0ERKNSt7__cxx1112basic_stringIcSt11char_traitsIcESaIcEEELb0EE7_M_headERS8_
FNDA:0,_ZNSt11_Tuple_implILm0EJRKNSt7__cxx1112basic_stringIcSt11char_traitsIcESaIcEEEEE7_M_headERS8_
FNDA:0,_ZNSt11_Tuple_implILm0EJRKNSt7__cxx1112basic_stringIcSt11char_traitsIcESaIcEEEEEC2ES7_
FNDA:0,_ZNSt11_Tuple_implILm0EJRKNSt7__cxx1112basic_stringIcSt11char_traitsIcESaIcEEEEEC2EOS8_
FNDA:0,_ZNSt5tupleIJRKNSt7__cxx1112basic_stringIcSt11char_traitsIcESaIcEEEEEC2IvLb1EEES7_
FNDA:0,_ZNSt5tupleIJRKNSt7__cxx1112basic_stringIcSt11char_traitsIcESaIcEEEEEC2EOS8_
FNDA:0,_ZSt12__get_helperILm0ERKNSt7__cxx1112basic_stringIcSt11char_traitsIcESaIcEEEJEERT0_RSt11_Tuple_implIXT_EJS8_DpT1_EE
FNDA:0,_ZSt3getILm0EJRKNSt7__cxx1112basic_stringIcSt11char_traitsIcESaIcEEEEERNSt13tuple_elementIXT_ESt5tupleIJDpT0_EEE4typeERSC_
FNDA:6,_ZNSt4pairIKNSt7__cxx1112basic_stringIcSt11char_traitsIcESaIcEEENS0_4listIP6entitySaIS9_EEEEC2IJRS6_EJEEESt21piecewise_construct_tSt5tupleIJDpT_EESG_IJDpT0_EE
FNDA:6,_ZNSt4pairIKNSt7__cxx1112basic_stringIcSt11char_traitsIcESaIcEEENS0_4listIP6entitySaIS9_EEEEC2IJRS6_EJLm0EEJEJEEERSt5tupleIJDpT_EERSF_IJDpT1_EESt12_Index_tupleIJXspT0_EEESO_IJXspT2_EEE
FNF:11
FNH:2
DA:107,0
DA:108,0
DA:142,0
DA:346,0
DA:355,0
DA:356,0
DA:366,0
DA:368,0
DA:606,0
DA:607,0
DA:654,0
DA:1247,0
DA:1248,0
DA:1258,0
DA:1259,0
DA:1574,6
DA:1579,6
DA:1580,6
DA:1586,6
DA:1589,6
DA:1590,6
DA:1591,6
LF:22
LH:7
end_of_record
SF:/home/cyprien/Documents/Informatique/shmupgine/include/entity.h
FN:44,_ZN6entity13get_attributeI10destructorEEPT_v
FNDA:0,_ZN6entity13get_attributeI10destructorEEPT_v
FNF:1
FNH:0
DA:44,0
DA:45,0
DA:46,0
DA:47,0
DA:48,0
LF:5
LH:0
end_of_record
SF:/home/cyprien/Documents/Informatique/shmupgine/src/scene.cpp
FN:6,_ZN5sceneC2Ev
FN:8,_ZN5sceneD2Ev
FN:10,_ZN5scene6updateEv
FN:18,_ZN5scene14run_attributesEv
FN:23,_ZN5scene3runEv
FN:35,_ZN5scene10add_entityEP6entity
FN:40,_ZN5scene13remove_entityEP6entity
FN:46,_ZN5scene15remove_entitiesEv
FN:56,_ZN5scene13entity_existsEP6entity
FN:63,_ZN5scene12add_to_groupENSt7__cxx1112basic_stringIcSt11char_traitsIcESaIcEEEP6entity
FN:68,_ZN5scene17remove_from_groupENSt7__cxx1112basic_stringIcSt11char_traitsIcESaIcEEEP6entity
FN:76,_ZN5scene16belongs_to_groupENSt7__cxx1112basic_stringIcSt11char_traitsIcESaIcEEEP6entity
FN:83,_ZN5scene14group_collidesENSt7__cxx1112basic_stringIcSt11char_traitsIcESaIcEEEP6entity
FN:90,_ZN5scene10add_scriptESt8functionIFvvEE
FN:94,_ZN5scene11run_scriptsEv
FN:99,_ZN5scene22remove_from_all_groupsEP6entity
FNDA:3,_ZN5sceneC2Ev
FNDA:3,_ZN5sceneD2Ev
FNDA:3144,_ZN5scene6updateEv
FNDA:3144,_ZN5scene14run_attributesEv
FNDA:3,_ZN5scene3runEv
FNDA:1137,_ZN5scene10add_entityEP6entity
FNDA:1088,_ZN5scene13remove_entityEP6entity
FNDA:3144,_ZN5scene15remove_entitiesEv
FNDA:159431,_ZN5scene13entity_existsEP6entity
FNDA:1131,_ZN5scene12add_to_groupENSt7__cxx1112basic_stringIcSt11char_traitsIcESaIcEEEP6entity
FNDA:2172,_ZN5scene17remove_from_groupENSt7__cxx1112basic_stringIcSt11char_traitsIcESaIcEEEP6entity
FNDA:1131,_ZN5scene16belongs_to_groupENSt7__cxx1112basic_stringIcSt11char_traitsIcESaIcEEEP6entity
FNDA:3432,_ZN5scene14group_collidesENSt7__cxx1112basic_stringIcSt11char_traitsIcESaIcEEEP6entity
FNDA:9,_ZN5scene10add_scriptESt8functionIFvvEE
FNDA:3144,_ZN5scene11run_scriptsEv
FNDA:1086,_ZN5scene22remove_from_all_groupsEP6entity
FNF:16
FNH:16
DA:6,3
DA:8,3
DA:10,3144
DA:11,3144
DA:12,3144
DA:13,3144
DA:14,3144
DA:15,3144
DA:16,3144
DA:18,3144
DA:19,161204
DA:20,158060
DA:21,3144
DA:23,3147
DA:24,6291
DA:26,3780
DA:27,318
DA:28,3
DA:30,3144
DA:31,3144
DA:33,3
DA:35,1137
DA:36,1137
DA:37,1137
DA:38,1137
DA:40,1088
DA:41,1088
DA:42,1088
DA:43,1086
DA:44,1088
DA:46,4230
DA:47,5316
DA:48,1086
DA:49,1086
DA:50,1086
DA:51,1086
DA:52,1086
DA:54,3144
DA:56,159431
DA:57,878484
DA:58,869430
DA:59,150377
DA:60,9054
DA:63,1131
DA:64,1131
DA:65,1131
DA:66,1131
DA:68,2172
DA:69,59121
DA:70,58032
DA:71,1083
DA:72,1083
DA:74,2172
DA:76,1131
DA:77,42689
DA:78,41558
DA:79,0
DA:80,1131
DA:83,3432
DA:84,103469
DA:85,100075
DA:86,38
DA:87,3394
DA:90,9
DA:91,9
DA:92,9
DA:94,3144
DA:95,12576
DA:96,9432
DA:97,3144
DA:99,1086
DA:100,3258
DA:101,2172
DA:102,1086
LF:74
LH:73
end_of_record
TN:
SF:/usr/include/SFML/Graphics/Rect.inl
FN:28,_ZN2sf4RectIfEC2Ev
FN:40,_ZN2sf4RectIfEC2Effff
[...]
FN:600,_ZNSt8_Rb_treeINSt7__cxx1112basic_stringIcSt11char_traitsIcESaIcEEESt4pairIKS5_S5_ESt10_Select1stIS8_ESt4lessIS5_ESaIS8_EE13_Rb_tree_implISC_Lb1EEC2Ev
FN:628,_ZNSt8_Rb_treeINSt7__cxx1112basic_stringIcSt11char_traitsIcESaIcEEESt4pairIKS5_S5_ESt10_Select1stIS8_ESt4lessIS5_ESaIS8_EE13_Rb_tree_implISC_Lb1EE13_M_initializeEv
FN:649,_ZNSt8_Rb_treeINSt7__cxx1112basic_stringIcSt11char_traitsIcESaIcEEESt4pairIKS5_S5_ESt10_Select1stIS8_ESt4lessIS5_ESaIS8_EE11_M_leftmostEv
FN:657,_ZNSt8_Rb_treeINSt7__cxx1112basic_stringIcSt11char_traitsIcESaIcEEESt4pairIKS5_S5_ESt10_Select1stIS8_ESt4lessIS5_ESaIS8_EE12_M_rightmostEv
FN:665,_ZNSt8_Rb_treeINSt7__cxx1112basic_stringIcSt11char_traitsIcESaIcEEESt4pairIKS5_S5_ESt10_Select1stIS8_ESt4lessIS5_ESaIS8_EE8_M_beginEv
FN:676,_ZNSt8_Rb_treeINSt7__cxx1112basic_stringIcSt11char_traitsIcESaIcEEESt4pairIKS5_S5_ESt10_Select1stIS8_ESt4lessIS5_ESaIS8_EE6_M_endEv
FN:684,_ZNSt8_Rb_treeINSt7__cxx1112basic_stringIcSt11char_traitsIcESaIcEEESt4pairIKS5_S5_ESt10_Select1stIS8_ESt4lessIS5_ESaIS8_EE8_S_valueEPKSt13_Rb_tree_nodeIS8_E
FN:688,_ZNSt8_Rb_treeINSt7__cxx1112basic_stringIcSt11char_traitsIcESaIcEEESt4pairIKS5_S5_ESt10_Select1stIS8_ESt4lessIS5_ESaIS8_EE6_S_keyEPKSt13_Rb_tree_nodeIS8_E
FN:692,_ZNSt8_Rb_treeINSt7__cxx1112basic_stringIcSt11char_traitsIcESaIcEEESt4pairIKS5_S5_ESt10_Select1stIS8_ESt4lessIS5_ESaIS8_EE7_S_leftEPSt18_Rb_tree_node_base
FN:700,_ZNSt8_Rb_treeINSt7__cxx1112basic_stringIcSt11char_traitsIcESaIcEEESt4pairIKS5_S5_ESt10_Select1stIS8_ESt4lessIS5_ESaIS8_EE8_S_rightEPSt18_Rb_tree_node_base
FN:708,_ZNSt8_Rb_treeINSt7__cxx1112basic_stringIcSt11char_traitsIcESaIcEEESt4pairIKS5_S5_ESt10_Select1stIS8_ESt4lessIS5_ESaIS8_EE8_S_valueEPKSt18_Rb_tree_node_base
FN:712,_ZNSt8_Rb_treeINSt7__cxx1112basic_stringIcSt11char_traitsIcESaIcEEESt4pairIKS5_S5_ESt10_Select1stIS8_ESt4lessIS5_ESaIS8_EE6_S_keyEPKSt18_Rb_tree_node_base
FN:821,_ZNSt8_Rb_treeINSt7__cxx1112basic_stringIcSt11char_traitsIcESaIcEEESt4pairIKS5_S5_ESt10_Select1stIS8_ESt4lessIS5_ESaIS8_EEC2Ev
FN:872,_ZNSt8_Rb_treeINSt7__cxx1112basic_stringIcSt11char_traitsIcESaIcEEESt4pairIKS5_S5_ESt10_Select1stIS8_ESt4lessIS5_ESaIS8_EED2Ev
FN:880,_ZNKSt8_Rb_treeINSt7__cxx1112basic_stringIcSt11char_traitsIcESaIcEEESt4pairIKS5_S5_ESt10_Select1stIS8_ESt4lessIS5_ESaIS8_EE8key_compEv
FN:884,_ZNSt8_Rb_treeINSt7__cxx1112basic_stringIcSt11char_traitsIcESaIcEEESt4pairIKS5_S5_ESt10_Select1stIS8_ESt4lessIS5_ESaIS8_EE5beginEv
FN:892,_ZNSt8_Rb_treeINSt7__cxx1112basic_stringIcSt11char_traitsIcESaIcEEESt4pairIKS5_S5_ESt10_Select1stIS8_ESt4lessIS5_ESaIS8_EE3endEv
FN:920,_ZNKSt8_Rb_treeINSt7__cxx1112basic_stringIcSt11char_traitsIcESaIcEEESt4pairIKS5_S5_ESt10_Select1stIS8_ESt4lessIS5_ESaIS8_EE4sizeEv
FN:1102,_ZNSt8_Rb_treeINSt7__cxx1112basic_stringIcSt11char_traitsIcESaIcEEESt4pairIKS5_S5_ESt10_Select1stIS8_ESt4lessIS5_ESaIS8_EE11lower_boundERS7_
FN:1632,_ZNSt8_Rb_treeINSt7__cxx1112basic_stringIcSt11char_traitsIcESaIcEEESt4pairIKS5_S5_ESt10_Select1stIS8_ESt4lessIS5_ESaIS8_EE8_M_eraseEPSt13_Rb_tree_nodeIS8_E
FN:1649,_ZNSt8_Rb_treeINSt7__cxx1112basic_stringIcSt11char_traitsIcESaIcEEESt4pairIKS5_S5_ESt10_Select1stIS8_ESt4lessIS5_ESaIS8_EE14_M_lower_boundEPSt13_Rb_tree_nodeIS8_EPSt18_Rb_tree_node_baseRS7_
FN:1826,_ZNSt8_Rb_treeINSt7__cxx1112basic_stringIcSt11char_traitsIcESaIcEEESt4pairIKS5_S5_ESt10_Select1stIS8_ESt4lessIS5_ESaIS8_EE24_M_get_insert_unique_posERS7_
FN:1928,_ZNSt8_Rb_treeINSt7__cxx1112basic_stringIcSt11char_traitsIcESaIcEEESt4pairIKS5_S5_ESt10_Select1stIS8_ESt4lessIS5_ESaIS8_EE29_M_get_insert_hint_unique_posESt23_Rb_tree_const_iteratorIS8_ERS7_
FN:2095,_ZNSt8_Rb_treeINSt7__cxx1112basic_stringIcSt11char_traitsIcESaIcEEESt4pairIKS5_S5_ESt10_Select1stIS8_ESt4lessIS5_ESaIS8_EE14_M_insert_nodeEPSt18_Rb_tree_node_baseSG_PSt13_Rb_tree_nodeIS8_E
FN:2193,_ZNSt8_Rb_treeINSt7__cxx1112basic_stringIcSt11char_traitsIcESaIcEEESt4pairIKS5_S5_ESt10_Select1stIS8_ESt4lessIS5_ESaIS8_EE22_M_emplace_hint_uniqueIJRKSt21piecewise_construct_tSt5tupleIJRS7_EESJ_IJEEEEESt17_Rb_tree_iteratorIS8_ESt23_Rb_tree_const_iteratorIS8_EDpOT_
FNDA:0,_ZNSt18_Rb_tree_node_baseC2Ev
FNDA:6,_ZNSt13_Rb_tree_nodeISt4pairIKNSt7__cxx1112basic_stringIcSt11char_traitsIcESaIcEEES6_EEC2Ev
FNDA:1524,_ZNSt13_Rb_tree_nodeISt4pairIKNSt7__cxx1112basic_stringIcSt11char_traitsIcESaIcEEES6_EE9_M_valptrEv
FNDA:1486,_ZNKSt13_Rb_tree_nodeISt4pairIKNSt7__cxx1112basic_stringIcSt11char_traitsIcESaIcEEES6_EE9_M_valptrEv
FNDA:1536,_ZNSt17_Rb_tree_iteratorISt4pairIKNSt7__cxx1112basic_stringIcSt11char_traitsIcESaIcEEES6_EEC2EPSt18_Rb_tree_node_base
FNDA:1512,_ZNKSt17_Rb_tree_iteratorISt4pairIKNSt7__cxx1112basic_stringIcSt11char_traitsIcESaIcEEES6_EEdeEv
FNDA:0,_ZNSt17_Rb_tree_iteratorISt4pairIKNSt7__cxx1112basic_stringIcSt11char_traitsIcESaIcEEES6_EEppEv
FNDA:0,_ZNSt17_Rb_tree_iteratorISt4pairIKNSt7__cxx1112basic_stringIcSt11char_traitsIcESaIcEEES6_EEmmEv
FNDA:762,_ZNKSt17_Rb_tree_iteratorISt4pairIKNSt7__cxx1112basic_stringIcSt11char_traitsIcESaIcEEES6_EEeqERKS9_
FNDA:6,_ZNSt23_Rb_tree_const_iteratorISt4pairIKNSt7__cxx1112basic_stringIcSt11char_traitsIcESaIcEEES6_EEC2ERKSt17_Rb_tree_iteratorIS8_E
FNDA:6,_ZNKSt23_Rb_tree_const_iteratorISt4pairIKNSt7__cxx1112basic_stringIcSt11char_traitsIcESaIcEEES6_EE13_M_const_castEv
FNDA:24,_ZNSt8_Rb_treeINSt7__cxx1112basic_stringIcSt11char_traitsIcESaIcEEESt4pairIKS5_S5_ESt10_Select1stIS8_ESt4lessIS5_ESaIS8_EE21_M_get_Node_allocatorEv
FNDA:6,_ZNSt8_Rb_treeINSt7__cxx1112basic_stringIcSt11char_traitsIcESaIcEEESt4pairIKS5_S5_ESt10_Select1stIS8_ESt4lessIS5_ESaIS8_EE11_M_get_nodeEv
FNDA:6,_ZNSt8_Rb_treeINSt7__cxx1112basic_stringIcSt11char_traitsIcESaIcEEESt4pairIKS5_S5_ESt10_Select1stIS8_ESt4lessIS5_ESaIS8_EE11_M_put_nodeEPSt13_Rb_tree_nodeIS8_E
FNDA:6,_ZNSt8_Rb_treeINSt7__cxx1112basic_stringIcSt11char_traitsIcESaIcEEESt4pairIKS5_S5_ESt10_Select1stIS8_ESt4lessIS5_ESaIS8_EE17_M_construct_nodeIJRKSt21piecewise_construct_tSt5tupleIJRS7_EESJ_IJEEEEEvPSt13_Rb_tree_nodeIS8_EDpOT_
FNDA:6,_ZNSt8_Rb_treeINSt7__cxx1112basic_stringIcSt11char_traitsIcESaIcEEESt4pairIKS5_S5_ESt10_Select1stIS8_ESt4lessIS5_ESaIS8_EE14_M_create_nodeIJRKSt21piecewise_construct_tSt5tupleIJRS7_EESJ_IJEEEEEPSt13_Rb_tree_nodeIS8_EDpOT_
FNDA:6,_ZNSt8_Rb_treeINSt7__cxx1112basic_stringIcSt11char_traitsIcESaIcEEESt4pairIKS5_S5_ESt10_Select1stIS8_ESt4lessIS5_ESaIS8_EE15_M_destroy_nodeEPSt13_Rb_tree_nodeIS8_E
FNDA:6,_ZNSt8_Rb_treeINSt7__cxx1112basic_stringIcSt11char_traitsIcESaIcEEESt4pairIKS5_S5_ESt10_Select1stIS8_ESt4lessIS5_ESaIS8_EE12_M_drop_nodeEPSt13_Rb_tree_nodeIS8_E
FNDA:3,_ZNSt8_Rb_treeINSt7__cxx1112basic_stringIcSt11char_traitsIcESaIcEEESt4pairIKS5_S5_ESt10_Select1stIS8_ESt4lessIS5_ESaIS8_EE13_Rb_tree_implISC_Lb1EED2Ev
FNDA:3,_ZNSt8_Rb_treeINSt7__cxx1112basic_stringIcSt11char_traitsIcESaIcEEESt4pairIKS5_S5_ESt10_Select1stIS8_ESt4lessIS5_ESaIS8_EE13_Rb_tree_implISC_Lb1EEC2Ev
FNDA:3,_ZNSt8_Rb_treeINSt7__cxx1112basic_stringIcSt11char_traitsIcESaIcEEESt4pairIKS5_S5_ESt10_Select1stIS8_ESt4lessIS5_ESaIS8_EE13_Rb_tree_implISC_Lb1EE13_M_initializeEv
FNDA:0,_ZNSt8_Rb_treeINSt7__cxx1112basic_stringIcSt11char_traitsIcESaIcEEESt4pairIKS5_S5_ESt10_Select1stIS8_ESt4lessIS5_ESaIS8_EE11_M_leftmostEv
FNDA:6,_ZNSt8_Rb_treeINSt7__cxx1112basic_stringIcSt11char_traitsIcESaIcEEESt4pairIKS5_S5_ESt10_Select1stIS8_ESt4lessIS5_ESaIS8_EE12_M_rightmostEv
FNDA:765,_ZNSt8_Rb_treeINSt7__cxx1112basic_stringIcSt11char_traitsIcESaIcEEESt4pairIKS5_S5_ESt10_Select1stIS8_ESt4lessIS5_ESaIS8_EE8_M_beginEv
FNDA:774,_ZNSt8_Rb_treeINSt7__cxx1112basic_stringIcSt11char_traitsIcESaIcEEESt4pairIKS5_S5_ESt10_Select1stIS8_ESt4lessIS5_ESaIS8_EE6_M_endEv
FNDA:1480,_ZNSt8_Rb_treeINSt7__cxx1112basic_stringIcSt11char_traitsIcESaIcEEESt4pairIKS5_S5_ESt10_Select1stIS8_ESt4lessIS5_ESaIS8_EE8_S_valueEPKSt13_Rb_tree_nodeIS8_E
FNDA:1480,_ZNSt8_Rb_treeINSt7__cxx1112basic_stringIcSt11char_traitsIcESaIcEEESt4pairIKS5_S5_ESt10_Select1stIS8_ESt4lessIS5_ESaIS8_EE6_S_keyEPKSt13_Rb_tree_nodeIS8_E
FNDA:759,_ZNSt8_Rb_treeINSt7__cxx1112basic_stringIcSt11char_traitsIcESaIcEEESt4pairIKS5_S5_ESt10_Select1stIS8_ESt4lessIS5_ESaIS8_EE7_S_leftEPSt18_Rb_tree_node_base
FNDA:724,_ZNSt8_Rb_treeINSt7__cxx1112basic_stringIcSt11char_traitsIcESaIcEEESt4pairIKS5_S5_ESt10_Select1stIS8_ESt4lessIS5_ESaIS8_EE8_S_rightEPSt18_Rb_tree_node_base
FNDA:6,_ZNSt8_Rb_treeINSt7__cxx1112basic_stringIcSt11char_traitsIcESaIcEEESt4pairIKS5_S5_ESt10_Select1stIS8_ESt4lessIS5_ESaIS8_EE8_S_valueEPKSt18_Rb_tree_node_base
FNDA:6,_ZNSt8_Rb_treeINSt7__cxx1112basic_stringIcSt11char_traitsIcESaIcEEESt4pairIKS5_S5_ESt10_Select1stIS8_ESt4lessIS5_ESaIS8_EE6_S_keyEPKSt18_Rb_tree_node_base
FNDA:3,_ZNSt8_Rb_treeINSt7__cxx1112basic_stringIcSt11char_traitsIcESaIcEEESt4pairIKS5_S5_ESt10_Select1stIS8_ESt4lessIS5_ESaIS8_EEC2Ev
FNDA:3,_ZNSt8_Rb_treeINSt7__cxx1112basic_stringIcSt11char_traitsIcESaIcEEESt4pairIKS5_S5_ESt10_Select1stIS8_ESt4lessIS5_ESaIS8_EED2Ev
FNDA:753,_ZNKSt8_Rb_treeINSt7__cxx1112basic_stringIcSt11char_traitsIcESaIcEEESt4pairIKS5_S5_ESt10_Select1stIS8_ESt4lessIS5_ESaIS8_EE8key_compEv
FNDA:3,_ZNSt8_Rb_treeINSt7__cxx1112basic_stringIcSt11char_traitsIcESaIcEEESt4pairIKS5_S5_ESt10_Select1stIS8_ESt4lessIS5_ESaIS8_EE5beginEv
FNDA:759,_ZNSt8_Rb_treeINSt7__cxx1112basic_stringIcSt11char_traitsIcESaIcEEESt4pairIKS5_S5_ESt10_Select1stIS8_ESt4lessIS5_ESaIS8_EE3endEv
FNDA:6,_ZNKSt8_Rb_treeINSt7__cxx1112basic_stringIcSt11char_traitsIcESaIcEEESt4pairIKS5_S5_ESt10_Select1stIS8_ESt4lessIS5_ESaIS8_EE4sizeEv
FNDA:759,_ZNSt8_Rb_treeINSt7__cxx1112basic_stringIcSt11char_traitsIcESaIcEEESt4pairIKS5_S5_ESt10_Select1stIS8_ESt4lessIS5_ESaIS8_EE11lower_boundERS7_
FNDA:9,_ZNSt8_Rb_treeINSt7__cxx1112basic_stringIcSt11char_traitsIcESaIcEEESt4pairIKS5_S5_ESt10_Select1stIS8_ESt4lessIS5_ESaIS8_EE8_M_eraseEPSt13_Rb_tree_nodeIS8_E
FNDA:759,_ZNSt8_Rb_treeINSt7__cxx1112basic_stringIcSt11char_traitsIcESaIcEEESt4pairIKS5_S5_ESt10_Select1stIS8_ESt4lessIS5_ESaIS8_EE14_M_lower_boundEPSt13_Rb_tree_nodeIS8_EPSt18_Rb_tree_node_baseRS7_
FNDA:3,_ZNSt8_Rb_treeINSt7__cxx1112basic_stringIcSt11char_traitsIcESaIcEEESt4pairIKS5_S5_ESt10_Select1stIS8_ESt4lessIS5_ESaIS8_EE24_M_get_insert_unique_posERS7_
FNDA:6,_ZNSt8_Rb_treeINSt7__cxx1112basic_stringIcSt11char_traitsIcESaIcEEESt4pairIKS5_S5_ESt10_Select1stIS8_ESt4lessIS5_ESaIS8_EE29_M_get_insert_hint_unique_posESt23_Rb_tree_const_iteratorIS8_ERS7_
FNDA:6,_ZNSt8_Rb_treeINSt7__cxx1112basic_stringIcSt11char_traitsIcESaIcEEESt4pairIKS5_S5_ESt10_Select1stIS8_ESt4lessIS5_ESaIS8_EE14_M_insert_nodeEPSt18_Rb_tree_node_baseSG_PSt13_Rb_tree_nodeIS8_E
FNDA:6,_ZNSt8_Rb_treeINSt7__cxx1112basic_stringIcSt11char_traitsIcESaIcEEESt4pairIKS5_S5_ESt10_Select1stIS8_ESt4lessIS5_ESaIS8_EE22_M_emplace_hint_uniqueIJRKSt21piecewise_construct_tSt5tupleIJRS7_EESJ_IJEEEEESt17_Rb_tree_iteratorIS8_ESt23_Rb_tree_const_iteratorIS8_EDpOT_
FNF:44
FNH:40
DA:98,0
DA:138,6
DA:156,1524
DA:157,1524
DA:160,1486
DA:161,1486
DA:195,1536
DA:196,1536
DA:199,1512
DA:200,1512
DA:207,0
DA:209,0
DA:210,0
DA:222,0
DA:224,0
DA:225,0
DA:237,762
DA:238,762
DA:270,6
DA:271,6
DA:274,6
DA:275,6
DA:491,24
DA:492,24
DA:504,6
DA:505,6
DA:508,6
DA:509,6
DA:538,6
DA:542,6
DA:543,6
DA:547,0
DA:550,0
DA:551,0
DA:553,6
DA:557,6
DA:559,6
DA:560,6
DA:561,6
DA:565,6
DA:567,6
DA:569,6
DA:573,6
DA:575,6
DA:576,6
DA:577,6
DA:594,3
DA:600,3
DA:602,3
DA:603,3
DA:628,3
DA:630,3
DA:631,3
DA:632,3
DA:633,3
DA:634,3
DA:649,0
DA:650,0
DA:657,6
DA:658,6
DA:665,765
DA:666,765
DA:676,774
DA:677,774
DA:684,1480
DA:685,1480
DA:688,1480
DA:689,1480
DA:692,759
DA:693,759
DA:700,724
DA:701,724
DA:708,6
DA:709,6
DA:712,6
DA:713,6
DA:821,3
DA:872,3
DA:873,3
DA:880,753
DA:881,753
DA:884,3
DA:885,3
DA:892,759
DA:893,759
DA:920,6
DA:921,6
DA:1102,759
DA:1103,759
DA:1632,15
DA:1636,21
DA:1638,6
DA:1639,6
DA:1640,6
DA:1641,6
DA:1643,9
DA:1649,2230
DA:1653,3701
DA:1654,1471
DA:1655,753
DA:1657,718
DA:1658,759
DA:1826,3
DA:1830,3
DA:1831,3
DA:1832,3
DA:1833,3
DA:1835,0
DA:1836,0
DA:1837,0
DA:1839,3
DA:1840,3
DA:1842,3
DA:1843,3
DA:1845,0
DA:1847,0
DA:1848,0
DA:1849,0
DA:1928,6
DA:1932,6
DA:1936,6
DA:1938,12
DA:1939,6
DA:1940,3
DA:1942,3
DA:1944,0
DA:1947,0
DA:1948,0
DA:1949,0
DA:1950,0
DA:1952,0
DA:1953,0
DA:1955,0
DA:1958,0
DA:1960,0
DA:1963,0
DA:1964,0
DA:1965,0
DA:1966,0
DA:1968,0
DA:1969,0
DA:1971,0
DA:1974,0
DA:1978,0
DA:2095,6
DA:2098,6
DA:2099,9
DA:2100,6
DA:2102,6
DA:2104,6
DA:2105,6
DA:2193,6
DA:2196,6
DA:2200,6
DA:2202,6
DA:2203,6
DA:2205,0
DA:2206,0
DA:2208,0
DA:2210,0
DA:2211,0
LF:161
LH:118
end_of_record
SF:/usr/include/c++/6/ext/aligned_buffer.h
FN:56,_ZN9__gnu_cxx16__aligned_membufISt4pairIKNSt7__cxx1112basic_stringIcSt11char_traitsIcESaIcEEES7_EEC2Ev
FN:62,_ZN9__gnu_cxx16__aligned_membufISt4pairIKNSt7__cxx1112basic_stringIcSt11char_traitsIcESaIcEEES7_EE7_M_addrEv
FN:66,_ZNK9__gnu_cxx16__aligned_membufISt4pairIKNSt7__cxx1112basic_stringIcSt11char_traitsIcESaIcEEES7_EE7_M_addrEv
FN:70,_ZN9__gnu_cxx16__aligned_membufISt4pairIKNSt7__cxx1112basic_stringIcSt11char_traitsIcESaIcEEES7_EE6_M_ptrEv
FN:74,_ZNK9__gnu_cxx16__aligned_membufISt4pairIKNSt7__cxx1112basic_stringIcSt11char_traitsIcESaIcEEES7_EE6_M_ptrEv
FNDA:6,_ZN9__gnu_cxx16__aligned_membufISt4pairIKNSt7__cxx1112basic_stringIcSt11char_traitsIcESaIcEEES7_EEC2Ev
FNDA:1524,_ZN9__gnu_cxx16__aligned_membufISt4pairIKNSt7__cxx1112basic_stringIcSt11char_traitsIcESaIcEEES7_EE7_M_addrEv
FNDA:1486,_ZNK9__gnu_cxx16__aligned_membufISt4pairIKNSt7__cxx1112basic_stringIcSt11char_traitsIcESaIcEEES7_EE7_M_addrEv
FNDA:1524,_ZN9__gnu_cxx16__aligned_membufISt4pairIKNSt7__cxx1112basic_stringIcSt11char_traitsIcESaIcEEES7_EE6_M_ptrEv
FNDA:1486,_ZNK9__gnu_cxx16__aligned_membufISt4pairIKNSt7__cxx1112basic_stringIcSt11char_traitsIcESaIcEEES7_EE6_M_ptrEv
FNF:5
FNH:5
DA:56,6
DA:62,1524
DA:63,1524
DA:66,1486
DA:67,1486
DA:70,1524
DA:71,1524
DA:74,1486
DA:75,1486
LF:9
LH:9
end_of_record
SF:/usr/include/c++/6/ext/new_allocator.h
FN:79,_ZN9__gnu_cxx13new_allocatorISt13_Rb_tree_nodeISt4pairIKNSt7__cxx1112basic_stringIcSt11char_traitsIcESaIcEEES8_EEEC2Ev
FN:86,_ZN9__gnu_cxx13new_allocatorISt13_Rb_tree_nodeISt4pairIKNSt7__cxx1112basic_stringIcSt11char_traitsIcESaIcEEES8_EEED2Ev
FN:99,_ZN9__gnu_cxx13new_allocatorISt13_Rb_tree_nodeISt4pairIKNSt7__cxx1112basic_stringIcSt11char_traitsIcESaIcEEES8_EEE8allocateEmPKv
FN:109,_ZN9__gnu_cxx13new_allocatorISt13_Rb_tree_nodeISt4pairIKNSt7__cxx1112basic_stringIcSt11char_traitsIcESaIcEEES8_EEE10deallocateEPSB_m
FN:113,_ZNK9__gnu_cxx13new_allocatorISt13_Rb_tree_nodeISt4pairIKNSt7__cxx1112basic_stringIcSt11char_traitsIcESaIcEEES8_EEE8max_sizeEv
FN:119,_ZN9__gnu_cxx13new_allocatorISt13_Rb_tree_nodeISt4pairIKNSt7__cxx1112basic_stringIcSt11char_traitsIcESaIcEEES8_EEE9constructISA_JRKSt21piecewise_construct_tSt5tupleIJRS9_EESH_IJEEEEEvPT_DpOT0_
FN:124,_ZN9__gnu_cxx13new_allocatorISt13_Rb_tree_nodeISt4pairIKNSt7__cxx1112basic_stringIcSt11char_traitsIcESaIcEEES8_EEE7destroyISA_EEvPT_
FNDA:3,_ZN9__gnu_cxx13new_allocatorISt13_Rb_tree_nodeISt4pairIKNSt7__cxx1112basic_stringIcSt11char_traitsIcESaIcEEES8_EEEC2Ev
FNDA:3,_ZN9__gnu_cxx13new_allocatorISt13_Rb_tree_nodeISt4pairIKNSt7__cxx1112basic_stringIcSt11char_traitsIcESaIcEEES8_EEED2Ev
FNDA:6,_ZN9__gnu_cxx13new_allocatorISt13_Rb_tree_nodeISt4pairIKNSt7__cxx1112basic_stringIcSt11char_traitsIcESaIcEEES8_EEE8allocateEmPKv
FNDA:6,_ZN9__gnu_cxx13new_allocatorISt13_Rb_tree_nodeISt4pairIKNSt7__cxx1112basic_stringIcSt11char_traitsIcESaIcEEES8_EEE10deallocateEPSB_m
FNDA:6,_ZNK9__gnu_cxx13new_allocatorISt13_Rb_tree_nodeISt4pairIKNSt7__cxx1112basic_stringIcSt11char_traitsIcESaIcEEES8_EEE8max_sizeEv
FNDA:6,_ZN9__gnu_cxx13new_allocatorISt13_Rb_tree_nodeISt4pairIKNSt7__cxx1112basic_stringIcSt11char_traitsIcESaIcEEES8_EEE9constructISA_JRKSt21piecewise_construct_tSt5tupleIJRS9_EESH_IJEEEEEvPT_DpOT0_
FNDA:6,_ZN9__gnu_cxx13new_allocatorISt13_Rb_tree_nodeISt4pairIKNSt7__cxx1112basic_stringIcSt11char_traitsIcESaIcEEES8_EEE7destroyISA_EEvPT_
FNF:7
FNH:7
DA:79,3
DA:86,3
DA:99,6
DA:101,6
DA:102,0
DA:104,6
DA:109,6
DA:110,6
DA:113,6
DA:114,6
DA:119,6
DA:120,6
DA:124,6
LF:13
LH:12
end_of_record
SF:/usr/include/c++/6/new
FN:146,_ZnwmPv
FN:152,_ZdlPvS_
FNDA:0,_ZnwmPv
FNDA:0,_ZdlPvS_
FNF:2
FNH:0
DA:146,0
DA:147,0
DA:152,0
LF:3
LH:0
end_of_record
SF:/usr/include/c++/6/tuple
FN:107,_ZNSt10_Head_baseILm0ERKNSt7__cxx1112basic_stringIcSt11char_traitsIcESaIcEEELb0EEC2ES7_
FN:142,_ZNSt10_Head_baseILm0ERKNSt7__cxx1112basic_stringIcSt11char_traitsIcESaIcEEELb0EE7_M_headERS8_
FN:346,_ZNSt11_Tuple_implILm0EJRKNSt7__cxx1112basic_stringIcSt11char_traitsIcESaIcEEEEE7_M_headERS8_
FN:355,_ZNSt11_Tuple_implILm0EJRKNSt7__cxx1112basic_stringIcSt11char_traitsIcESaIcEEEEEC2ES7_
FN:366,_ZNSt11_Tuple_implILm0EJRKNSt7__cxx1112basic_stringIcSt11char_traitsIcESaIcEEEEEC2EOS8_
FN:606,_ZNSt5tupleIJRKNSt7__cxx1112basic_stringIcSt11char_traitsIcESaIcEEEEEC2IvLb1EEES7_
FN:654,_ZNSt5tupleIJRKNSt7__cxx1112basic_stringIcSt11char_traitsIcESaIcEEEEEC2EOS8_
FN:1247,_ZSt12__get_helperILm0ERKNSt7__cxx1112basic_stringIcSt11char_traitsIcESaIcEEEJEERT0_RSt11_Tuple_implIXT_EJS8_DpT1_EE
FN:1258,_ZSt3getILm0EJRKNSt7__cxx1112basic_stringIcSt11char_traitsIcESaIcEEEEERNSt13tuple_elementIXT_ESt5tupleIJDpT0_EEE4typeERSC_
FN:1574,_ZNSt4pairIKNSt7__cxx1112basic_stringIcSt11char_traitsIcESaIcEEES5_EC2IJRS6_EJEEESt21piecewise_construct_tSt5tupleIJDpT_EESB_IJDpT0_EE
FN:1586,_ZNSt4pairIKNSt7__cxx1112basic_stringIcSt11char_traitsIcESaIcEEES5_EC2IJRS6_EJLm0EEJEJEEERSt5tupleIJDpT_EERSA_IJDpT1_EESt12_Index_tupleIJXspT0_EEESJ_IJXspT2_EEE
FNDA:0,_ZNSt10_Head_baseILm0ERKNSt7__cxx1112basic_stringIcSt11char_traitsIcESaIcEEELb0EEC2ES7_
FNDA:0,_ZNSt10_Head_baseILm0ERKNSt7__cxx1112basic_stringIcSt11char_traitsIcESaIcEEELb0EE7_M_headERS8_
FNDA:0,_ZNSt11_Tuple_implILm0EJRKNSt7__cxx1112basic_stringIcSt11char_traitsIcESaIcEEEEE7_M_headERS8_
FNDA:0,_ZNSt11_Tuple_implILm0EJRKNSt7__cxx1112basic_stringIcSt11char_traitsIcESaIcEEEEEC2ES7_
FNDA:0,_ZNSt11_Tuple_implILm0EJRKNSt7__cxx1112basic_stringIcSt11char_traitsIcESaIcEEEEEC2EOS8_
FNDA:0,_ZNSt5tupleIJRKNSt7__cxx1112basic_stringIcSt11char_traitsIcESaIcEEEEEC2IvLb1EEES7_
FNDA:0,_ZNSt5tupleIJRKNSt7__cxx1112basic_stringIcSt11char_traitsIcESaIcEEEEEC2EOS8_
FNDA:0,_ZSt12__get_helperILm0ERKNSt7__cxx1112basic_stringIcSt11char_traitsIcESaIcEEEJEERT0_RSt11_Tuple_implIXT_EJS8_DpT1_EE
FNDA:0,_ZSt3getILm0EJRKNSt7__cxx1112basic_stringIcSt11char_traitsIcESaIcEEEEERNSt13tuple_elementIXT_ESt5tupleIJDpT0_EEE4typeERSC_
FNDA:6,_ZNSt4pairIKNSt7__cxx1112basic_stringIcSt11char_traitsIcESaIcEEES5_EC2IJRS6_EJEEESt21piecewise_construct_tSt5tupleIJDpT_EESB_IJDpT0_EE
FNDA:6,_ZNSt4pairIKNSt7__cxx1112basic_stringIcSt11char_traitsIcESaIcEEES5_EC2IJRS6_EJLm0EEJEJEEERSt5tupleIJDpT_EERSA_IJDpT1_EESt12_Index_tupleIJXspT0_EEESJ_IJXspT2_EEE
FNF:11
FNH:2
DA:107,0
DA:108,0
DA:142,0
DA:346,0
DA:355,0
DA:356,0
DA:366,0
DA:368,0
DA:606,0
DA:607,0
DA:654,0
DA:1247,0
DA:1248,0
DA:1258,0
DA:1259,0
DA:1574,6
DA:1579,6
DA:1580,6
DA:1586,6
DA:1589,6
DA:1590,6
DA:1591,6
LF:22
LH:7
end_of_record
SF:/home/cyprien/Documents/Informatique/shmupgine/include/singleton.h
FN:5,_ZN9singletonI12soundmanagerEC2Ev
FNDA:3,_ZN9singletonI12soundmanagerEC2Ev
FNF:1
FNH:1
DA:5,3
LF:1
LH:1
end_of_record
SF:/home/cyprien/Documents/Informatique/shmupgine/include/soundmanager.h
FN:12,_ZN5soundC2Ev
FN:12,_ZN5soundD2Ev
FNDA:768,_ZN5soundD2Ev
FNDA:768,_ZN5soundC2Ev
FNF:2
FNH:2
DA:12,1536
LF:1
LH:1
end_of_record
SF:/home/cyprien/Documents/Informatique/shmupgine/src/soundmanager.cpp
FN:3,_ZN12soundmanagerC2Ev
FN:7,_ZN12soundmanagerD2Ev
FN:11,_ZN12soundmanager9new_soundENSt7__cxx1112basic_stringIcSt11char_traitsIcESaIcEEES5_
FN:15,_ZN12soundmanager10play_soundENSt7__cxx1112basic_stringIcSt11char_traitsIcESaIcEEE
FNDA:3,_ZN12soundmanagerC2Ev
FNDA:3,_ZN12soundmanagerD2Ev
FNDA:6,_ZN12soundmanager9new_soundENSt7__cxx1112basic_stringIcSt11char_traitsIcESaIcEEES5_
FNDA:243,_ZN12soundmanager10play_soundENSt7__cxx1112basic_stringIcSt11char_traitsIcESaIcEEE
FNF:4
FNH:4
DA:3,3
DA:5,3
DA:7,3
DA:9,3
DA:11,6
DA:12,6
DA:13,6
DA:15,243
DA:16,933
DA:17,931
DA:18,753
DA:19,241
DA:20,241
DA:21,241
DA:23,243
LF:15
LH:15
end_of_record
